#
# A fatal error has been detected by the Java Runtime Environment:
#
#  EXCEPTION_ILLEGAL_INSTRUCTION (0xc000001d) at pc=0x00007fff8e0d941a, pid=3020, tid=7672
#
# JRE version: OpenJDK Runtime Environment (15.0.1+9) (build 15.0.1+9-18)
# Java VM: OpenJDK 64-Bit Server VM (15.0.1+9-18, mixed mode, tiered, compressed oops, g1 gc, windows-amd64)
# Problematic frame:
# C  [nvd3dumx.dll+0x82941a]
#
# No core dump will be written. Minidumps are not enabled by default on client versions of Windows
#
# If you would like to submit a bug report, please visit:
#   https://bugreport.java.com/bugreport/crash.jsp
# The crash happened outside the Java Virtual Machine in native code.
# See problematic frame for where to report the bug.
#

---------------  S U M M A R Y ------------

Command Line: -Dfile.encoding=Cp1252 -XX:+ShowCodeDetailsInExceptionMessages aula11.Main

Host: Intel(R) Core(TM) i5-3470 CPU @ 3.20GHz, 4 cores, 3G,  Windows 10 , 64 bit Build 19041 (10.0.19041.1889)
Time: Wed Nov  2 11:57:10 2022 Hora oficial do Brasil elapsed time: 0.482042 seconds (0d 0h 0m 0s)

---------------  T H R E A D  ---------------

Current thread (0x000001e33684df50):  JavaThread "AWT-Windows" daemon [_thread_in_native, id=7672, stack(0x00000050da600000,0x00000050da700000)]

Stack: [0x00000050da600000,0x00000050da700000],  sp=0x00000050da6fb930,  free space=1006k
Native frames: (J=compiled Java code, j=interpreted, Vv=VM code, C=native code)
C  [nvd3dumx.dll+0x82941a]

Java frames: (J=compiled Java code, j=interpreted, Vv=VM code)
j  sun.java2d.d3d.D3DGraphicsDevice.getDeviceCapsNative(I)I+0 java.desktop@15.0.1
j  sun.java2d.d3d.D3DGraphicsDevice$1.run()V+8 java.desktop@15.0.1
v  ~StubRoutines::call_stub
j  sun.awt.windows.WToolkit.eventLoop()V+0 java.desktop@15.0.1
j  sun.awt.windows.WToolkit.run()V+50 java.desktop@15.0.1
j  java.lang.Thread.run()V+11 java.base@15.0.1
v  ~StubRoutines::call_stub

siginfo: EXCEPTION_ILLEGAL_INSTRUCTION (0xc000001d)


Register to memory mapping:

RIP=0x00007fff8e0d941a nvd3dumx.dll
RAX=0x00007fff8e468470 nvd3dumx.dll
RBX=0x000001e3369c8740 points into unknown readable memory: 0x00007fff8e468430 | 30 84 46 8e ff 7f 00 00
RCX=0x000001e3369c8740 points into unknown readable memory: 0x00007fff8e468430 | 30 84 46 8e ff 7f 00 00
RDX=0x000001e3369c5000 points into unknown readable memory: 0x0000000000000000 | 00 00 00 00 00 00 00 00
RSP=0x00000050da6fb930 is pointing into the stack for thread: 0x000001e33684df50
RBP=0x00007fff8e0607b9 nvd3dumx.dll
RSI=0x000001e3369c8340 points into unknown readable memory: 0x00007fff8e46a348 | 48 a3 46 8e ff 7f 00 00
RDI=0x000001e3369c8350 points into unknown readable memory: 0x000001e3368c9420 | 20 94 8c 36 e3 01 00 00
R8 =0x000001e33696d5e0 points into unknown readable memory: 0x80857a2800000004 | 04 00 00 00 28 7a 85 80
R9 =0x0 is NULL
R10=0x0 is NULL
R11=0x000001e3369c8678 points into unknown readable memory: 0x0000000000000000 | 00 00 00 00 00 00 00 00
R12=0x000001e3369bb898 points into unknown readable memory: 0x00007fffb0a43df0 | f0 3d a4 b0 ff 7f 00 00
R13=0x000001e3369b2880 points into unknown readable memory: 0x0000300400000902 | 02 09 00 00 04 30 00 00
R14=0x000001e3368c8a20 points into unknown readable memory: 0x000001e3368c86a0 | a0 86 8c 36 e3 01 00 00
R15=0x000001e3369d02b8 points into unknown readable memory: 0x0000000000000001 | 01 00 00 00 00 00 00 00


Registers:
RAX=0x00007fff8e468470, RBX=0x000001e3369c8740, RCX=0x000001e3369c8740, RDX=0x000001e3369c5000
RSP=0x00000050da6fb930, RBP=0x00007fff8e0607b9, RSI=0x000001e3369c8340, RDI=0x000001e3369c8350
R8 =0x000001e33696d5e0, R9 =0x0000000000000000, R10=0x0000000000000000, R11=0x000001e3369c8678
R12=0x000001e3369bb898, R13=0x000001e3369b2880, R14=0x000001e3368c8a20, R15=0x000001e3369d02b8
RIP=0x00007fff8e0d941a, EFLAGS=0x0000000000010282

Top of Stack: (sp=0x00000050da6fb930)
0x00000050da6fb930:   000001e3369c9680 000001e3369c8340
0x00000050da6fb940:   000001e3369c8350 000001e336a58ad0
0x00000050da6fb950:   0000000000000009 00007fff8e05cf6d
0x00000050da6fb960:   000001e3369c8340 000001e336a33640
0x00000050da6fb970:   0000000000000000 0000000000000000
0x00000050da6fb980:   0000000000000000 00007fff8e129eea
0x00000050da6fb990:   000001e3369c5000 000001e336a33640
0x00000050da6fb9a0:   000001e3369c8340 000001e3368c7f68
0x00000050da6fb9b0:   000001e3369d02b8 000001e3369d02c0
0x00000050da6fb9c0:   000001e3369d02c8 00007fff8e1280d6
0x00000050da6fb9d0:   00000050da6fbbe0 000001e3369ba800
0x00000050da6fb9e0:   0000000000000000 0000000000000000
0x00000050da6fb9f0:   000001e3369ba800 00007fff8e12b657
0x00000050da6fba00:   000001e3369c5000 000001e3369b2880
0x00000050da6fba10:   000001e3369b0e90 000001e3369bb898
0x00000050da6fba20:   000001e3369b2880 00007fff8e11f0cf 

Instructions: (pc=0x00007fff8e0d941a)
0x00007fff8e0d931a:   e6 86 51 11 e3 c7 6c ae d4 51 6b a0 61 f1 61 31
0x00007fff8e0d932a:   73 c3 1f bc e5 63 61 f8 f2 83 6b 10 48 44 b1 9e
0x00007fff8e0d933a:   9e e5 a9 4d a2 97 62 d9 93 1e 96 f2 e9 79 58 03
0x00007fff8e0d934a:   3a 7d 7f 62 24 a6 5c b3 fa 81 8a a3 9f 7e fa ee
0x00007fff8e0d935a:   37 27 fe e3 bf 13 83 7d 34 b1 0f 34 66 a0 65 e4
0x00007fff8e0d936a:   49 6d f8 52 72 a2 19 33 12 9c bd 0e b9 fd 8b 0f
0x00007fff8e0d937a:   94 32 45 92 79 d9 12 0e 57 f8 c5 be 87 9f cc 06
0x00007fff8e0d938a:   60 f6 35 c8 ed 35 41 44 3b 68 55 0a 61 fb 2a 8a
0x00007fff8e0d939a:   b2 ee 43 5c bf 1b a3 fb b6 f2 cf bf a1 17 f7 d7
0x00007fff8e0d93aa:   05 b1 11 5e 6f d2 5f b2 0c 55 bd 85 29 78 b7 1e
0x00007fff8e0d93ba:   45 4d a6 92 8a ee 13 25 77 ce 20 99 96 04 03 8c
0x00007fff8e0d93ca:   67 8e 75 64 33 a0 a3 d5 f0 8a a9 0c c0 2a 85 aa
0x00007fff8e0d93da:   59 68 8c d7 61 b0 49 55 bf d6 a6 e0 19 46 70 ca
0x00007fff8e0d93ea:   2e f0 f3 55 51 52 1d fe 0d 57 2f ab cf ac b9 b8
0x00007fff8e0d93fa:   d4 04 0b bc e2 c9 d4 d0 f1 f5 00 1b cd 5f 89 9e
0x00007fff8e0d940a:   3a 0a 8b 49 57 1d 67 5d 12 c3 f7 01 66 33 19 da
0x00007fff8e0d941a:   d5 7d 57 b9 02 0a 9f 98 f0 6c 48 c0 b2 cf 26 b4
0x00007fff8e0d942a:   17 f0 de fe d6 a8 bc f0 88 23 33 87 9f 94 e5 97
0x00007fff8e0d943a:   2f c7 d5 df ad 34 4b 9a 70 67 9c e3 9f 3d e0 cf
0x00007fff8e0d944a:   70 93 58 99 37 de 16 5a b7 3d 6f ff ae 00 9d 84
0x00007fff8e0d945a:   e1 69 e1 53 7a 58 aa 43 b8 91 a2 48 c2 b0 b5 b8
0x00007fff8e0d946a:   3f 8a 8e 32 45 d9 69 0a ec e2 07 30 da a7 70 a4
0x00007fff8e0d947a:   9c 66 c0 3b 49 73 3d 11 91 a7 40 8f d1 bb 2e b4
0x00007fff8e0d948a:   f4 c6 08 bb 5d 52 ba 19 e3 f0 6c 5c 50 54 44 e8
0x00007fff8e0d949a:   7b d6 51 f5 e5 b7 80 fc 74 81 71 6a 19 55 14 2e
0x00007fff8e0d94aa:   a7 b0 da 82 d5 bc 06 43 d8 eb f9 84 a9 07 8b 4e
0x00007fff8e0d94ba:   d5 48 1c 7b 59 e7 92 41 48 94 e9 ad 69 ac 1c 42
0x00007fff8e0d94ca:   43 8e d1 75 79 6c c4 1b 9f ef 0c 0c 96 1b 80 e0
0x00007fff8e0d94da:   cd 32 05 3e a5 ac cf 68 03 7d ff d1 4a 6f 60 8f
0x00007fff8e0d94ea:   75 bd 7b 36 19 0e 3b 00 79 64 98 6a d8 45 37 d4
0x00007fff8e0d94fa:   a8 2b 20 13 74 23 db ca 31 51 61 30 d3 dd 0a 59
0x00007fff8e0d950a:   fc 19 6d 58 60 33 a4 ba 95 d8 07 e0 bf 99 5d be 


Stack slot to memory mapping:
stack at sp + 0 slots: 0x000001e3369c9680 points into unknown readable memory: 0x00007fff8e466a20 | 20 6a 46 8e ff 7f 00 00
stack at sp + 1 slots: 0x000001e3369c8340 points into unknown readable memory: 0x00007fff8e46a348 | 48 a3 46 8e ff 7f 00 00
stack at sp + 2 slots: 0x000001e3369c8350 points into unknown readable memory: 0x000001e3368c9420 | 20 94 8c 36 e3 01 00 00
stack at sp + 3 slots: 0x000001e336a58ad0 points into unknown readable memory: 0x0000000100000000 | 00 00 00 00 01 00 00 00
stack at sp + 4 slots: 0x0000000000000009 is an unknown value
stack at sp + 5 slots: 0x00007fff8e05cf6d nvd3dumx.dll
stack at sp + 6 slots: 0x000001e3369c8340 points into unknown readable memory: 0x00007fff8e46a348 | 48 a3 46 8e ff 7f 00 00
stack at sp + 7 slots: 0x000001e336a33640 points into unknown readable memory: 0x00007fff8e4670a0 | a0 70 46 8e ff 7f 00 00


---------------  P R O C E S S  ---------------

Threads class SMR info:
_java_thread_list=0x000001e3368668d0, length=18, elements={
0x000001e336177010, 0x000001e336179ad0, 0x000001e33619b0b0, 0x000001e33619b970,
0x000001e33619ca30, 0x000001e33619f430, 0x000001e3361bc350, 0x000001e336339600,
0x000001e336439a50, 0x000001e33645b8e0, 0x000001e33643c4b0, 0x000001e336440d90,
0x000001e336441260, 0x000001e31e49f970, 0x000001e3368a21e0, 0x000001e3368ae8e0,
0x000001e33684df50, 0x000001e336923550
}

Java Threads: ( => current thread )
  0x000001e336177010 JavaThread "Reference Handler" daemon [_thread_blocked, id=2116, stack(0x00000050d9600000,0x00000050d9700000)]
  0x000001e336179ad0 JavaThread "Finalizer" daemon [_thread_blocked, id=8712, stack(0x00000050d9700000,0x00000050d9800000)]
  0x000001e33619b0b0 JavaThread "Signal Dispatcher" daemon [_thread_blocked, id=4840, stack(0x00000050d9800000,0x00000050d9900000)]
  0x000001e33619b970 JavaThread "Attach Listener" daemon [_thread_blocked, id=8832, stack(0x00000050d9900000,0x00000050d9a00000)]
  0x000001e33619ca30 JavaThread "Service Thread" daemon [_thread_blocked, id=6968, stack(0x00000050d9a00000,0x00000050d9b00000)]
  0x000001e33619f430 JavaThread "C2 CompilerThread0" daemon [_thread_blocked, id=264, stack(0x00000050d9b00000,0x00000050d9c00000)]
  0x000001e3361bc350 JavaThread "C1 CompilerThread0" daemon [_thread_blocked, id=240, stack(0x00000050d9c00000,0x00000050d9d00000)]
  0x000001e336339600 JavaThread "Sweeper thread" daemon [_thread_blocked, id=7480, stack(0x00000050d9d00000,0x00000050d9e00000)]
  0x000001e336439a50 JavaThread "Notification Thread" daemon [_thread_blocked, id=2412, stack(0x00000050d9e00000,0x00000050d9f00000)]
  0x000001e33645b8e0 JavaThread "Common-Cleaner" daemon [_thread_blocked, id=7868, stack(0x00000050da000000,0x00000050da100000)]
  0x000001e33643c4b0 JavaThread "Thread-0" [_thread_in_native, id=7604, stack(0x00000050da100000,0x00000050da200000)]
  0x000001e336440d90 JavaThread "Thread-1" [_thread_blocked, id=4288, stack(0x00000050da200000,0x00000050da300000)]
  0x000001e336441260 JavaThread "Thread-2" [_thread_blocked, id=3016, stack(0x00000050da300000,0x00000050da400000)]
  0x000001e31e49f970 JavaThread "DestroyJavaVM" [_thread_blocked, id=4860, stack(0x00000050d8f00000,0x00000050d9000000)]
  0x000001e3368a21e0 JavaThread "Java2D Disposer" daemon [_thread_blocked, id=3856, stack(0x00000050da400000,0x00000050da500000)]
  0x000001e3368ae8e0 JavaThread "AWT-Shutdown" [_thread_blocked, id=1576, stack(0x00000050da500000,0x00000050da600000)]
=>0x000001e33684df50 JavaThread "AWT-Windows" daemon [_thread_in_native, id=7672, stack(0x00000050da600000,0x00000050da700000)]
  0x000001e336923550 JavaThread "Image Fetcher 0" daemon [_thread_blocked, id=4964, stack(0x00000050da700000,0x00000050da800000)]

Other Threads:
  0x000001e336140e10 VMThread "VM Thread" [stack: 0x00000050d9500000,0x00000050d9600000] [id=8592]
  0x000001e336439f20 WatcherThread [stack: 0x00000050d9f00000,0x00000050da000000] [id=8928]
  0x000001e31e4cefa0 GCTaskThread "GC Thread#0" [stack: 0x00000050d9000000,0x00000050d9100000] [id=7668]
  0x000001e31e4d9820 ConcurrentGCThread "G1 Main Marker" [stack: 0x00000050d9100000,0x00000050d9200000] [id=5136]
  0x000001e31e4db420 ConcurrentGCThread "G1 Conc#0" [stack: 0x00000050d9200000,0x00000050d9300000] [id=3092]
  0x000001e31e52c3d0 ConcurrentGCThread "G1 Refine#0" [stack: 0x00000050d9300000,0x00000050d9400000] [id=9084]
  0x000001e31e52f130 ConcurrentGCThread "G1 Young RemSet Sampling" [stack: 0x00000050d9400000,0x00000050d9500000] [id=5132]

Threads with active compile tasks:

VM state: not at safepoint (normal execution)

VM Mutex/Monitor currently owned by a thread: None

Heap address: 0x00000000c0800000, size: 1016 MB, Compressed Oops mode: 32-bit
CDS disabled.
Compressed class space mapped at: 0x0000000100000000-0x0000000140000000, size: 1073741824
Narrow klass base: 0x0000000000000000, Narrow klass shift: 3, Narrow klass range: 0x140000000

GC Precious Log:
 CPUs: 4 total, 4 available
 Memory: 4059M
 Large Page Support: Disabled
 NUMA Support: Disabled
 Compressed Oops: Enabled (32-bit)
 Heap Region Size: 1M
 Heap Min Capacity: 8M
 Heap Initial Capacity: 64M
 Heap Max Capacity: 1016M
 Pre-touch: Disabled
 Parallel Workers: 4
 Concurrent Workers: 1
 Concurrent Refinement Workers: 4
 Periodic GC: Disabled

Heap:
 garbage-first heap   total 65536K, used 4096K [0x00000000c0800000, 0x0000000100000000)
  region size 1024K, 5 young (5120K), 0 survivors (0K)
 Metaspace       used 10901K, capacity 11026K, committed 11136K, reserved 1058816K
  class space    used 1018K, capacity 1049K, committed 1152K, reserved 1048576K

Heap Regions: E=young(eden), S=young(survivor), O=old, HS=humongous(starts), HC=humongous(continues), CS=collection set, F=free, OA=open archive, CA=closed archive, TAMS=top-at-mark-start (previous, next)
|   0|0x00000000c0800000, 0x00000000c0800000, 0x00000000c0900000|  0%| F|  |TAMS 0x00000000c0800000, 0x00000000c0800000| Untracked 
|   1|0x00000000c0900000, 0x00000000c0900000, 0x00000000c0a00000|  0%| F|  |TAMS 0x00000000c0900000, 0x00000000c0900000| Untracked 
|   2|0x00000000c0a00000, 0x00000000c0a00000, 0x00000000c0b00000|  0%| F|  |TAMS 0x00000000c0a00000, 0x00000000c0a00000| Untracked 
|   3|0x00000000c0b00000, 0x00000000c0b00000, 0x00000000c0c00000|  0%| F|  |TAMS 0x00000000c0b00000, 0x00000000c0b00000| Untracked 
|   4|0x00000000c0c00000, 0x00000000c0c00000, 0x00000000c0d00000|  0%| F|  |TAMS 0x00000000c0c00000, 0x00000000c0c00000| Untracked 
|   5|0x00000000c0d00000, 0x00000000c0d00000, 0x00000000c0e00000|  0%| F|  |TAMS 0x00000000c0d00000, 0x00000000c0d00000| Untracked 
|   6|0x00000000c0e00000, 0x00000000c0e00000, 0x00000000c0f00000|  0%| F|  |TAMS 0x00000000c0e00000, 0x00000000c0e00000| Untracked 
|   7|0x00000000c0f00000, 0x00000000c0f00000, 0x00000000c1000000|  0%| F|  |TAMS 0x00000000c0f00000, 0x00000000c0f00000| Untracked 
|   8|0x00000000c1000000, 0x00000000c1000000, 0x00000000c1100000|  0%| F|  |TAMS 0x00000000c1000000, 0x00000000c1000000| Untracked 
|   9|0x00000000c1100000, 0x00000000c1100000, 0x00000000c1200000|  0%| F|  |TAMS 0x00000000c1100000, 0x00000000c1100000| Untracked 
|  10|0x00000000c1200000, 0x00000000c1200000, 0x00000000c1300000|  0%| F|  |TAMS 0x00000000c1200000, 0x00000000c1200000| Untracked 
|  11|0x00000000c1300000, 0x00000000c1300000, 0x00000000c1400000|  0%| F|  |TAMS 0x00000000c1300000, 0x00000000c1300000| Untracked 
|  12|0x00000000c1400000, 0x00000000c1400000, 0x00000000c1500000|  0%| F|  |TAMS 0x00000000c1400000, 0x00000000c1400000| Untracked 
|  13|0x00000000c1500000, 0x00000000c1500000, 0x00000000c1600000|  0%| F|  |TAMS 0x00000000c1500000, 0x00000000c1500000| Untracked 
|  14|0x00000000c1600000, 0x00000000c1600000, 0x00000000c1700000|  0%| F|  |TAMS 0x00000000c1600000, 0x00000000c1600000| Untracked 
|  15|0x00000000c1700000, 0x00000000c1700000, 0x00000000c1800000|  0%| F|  |TAMS 0x00000000c1700000, 0x00000000c1700000| Untracked 
|  16|0x00000000c1800000, 0x00000000c1800000, 0x00000000c1900000|  0%| F|  |TAMS 0x00000000c1800000, 0x00000000c1800000| Untracked 
|  17|0x00000000c1900000, 0x00000000c1900000, 0x00000000c1a00000|  0%| F|  |TAMS 0x00000000c1900000, 0x00000000c1900000| Untracked 
|  18|0x00000000c1a00000, 0x00000000c1a00000, 0x00000000c1b00000|  0%| F|  |TAMS 0x00000000c1a00000, 0x00000000c1a00000| Untracked 
|  19|0x00000000c1b00000, 0x00000000c1b00000, 0x00000000c1c00000|  0%| F|  |TAMS 0x00000000c1b00000, 0x00000000c1b00000| Untracked 
|  20|0x00000000c1c00000, 0x00000000c1c00000, 0x00000000c1d00000|  0%| F|  |TAMS 0x00000000c1c00000, 0x00000000c1c00000| Untracked 
|  21|0x00000000c1d00000, 0x00000000c1d00000, 0x00000000c1e00000|  0%| F|  |TAMS 0x00000000c1d00000, 0x00000000c1d00000| Untracked 
|  22|0x00000000c1e00000, 0x00000000c1e00000, 0x00000000c1f00000|  0%| F|  |TAMS 0x00000000c1e00000, 0x00000000c1e00000| Untracked 
|  23|0x00000000c1f00000, 0x00000000c1f00000, 0x00000000c2000000|  0%| F|  |TAMS 0x00000000c1f00000, 0x00000000c1f00000| Untracked 
|  24|0x00000000c2000000, 0x00000000c2000000, 0x00000000c2100000|  0%| F|  |TAMS 0x00000000c2000000, 0x00000000c2000000| Untracked 
|  25|0x00000000c2100000, 0x00000000c2100000, 0x00000000c2200000|  0%| F|  |TAMS 0x00000000c2100000, 0x00000000c2100000| Untracked 
|  26|0x00000000c2200000, 0x00000000c2200000, 0x00000000c2300000|  0%| F|  |TAMS 0x00000000c2200000, 0x00000000c2200000| Untracked 
|  27|0x00000000c2300000, 0x00000000c2300000, 0x00000000c2400000|  0%| F|  |TAMS 0x00000000c2300000, 0x00000000c2300000| Untracked 
|  28|0x00000000c2400000, 0x00000000c2400000, 0x00000000c2500000|  0%| F|  |TAMS 0x00000000c2400000, 0x00000000c2400000| Untracked 
|  29|0x00000000c2500000, 0x00000000c2500000, 0x00000000c2600000|  0%| F|  |TAMS 0x00000000c2500000, 0x00000000c2500000| Untracked 
|  30|0x00000000c2600000, 0x00000000c2600000, 0x00000000c2700000|  0%| F|  |TAMS 0x00000000c2600000, 0x00000000c2600000| Untracked 
|  31|0x00000000c2700000, 0x00000000c2700000, 0x00000000c2800000|  0%| F|  |TAMS 0x00000000c2700000, 0x00000000c2700000| Untracked 
|  32|0x00000000c2800000, 0x00000000c2800000, 0x00000000c2900000|  0%| F|  |TAMS 0x00000000c2800000, 0x00000000c2800000| Untracked 
|  33|0x00000000c2900000, 0x00000000c2900000, 0x00000000c2a00000|  0%| F|  |TAMS 0x00000000c2900000, 0x00000000c2900000| Untracked 
|  34|0x00000000c2a00000, 0x00000000c2a00000, 0x00000000c2b00000|  0%| F|  |TAMS 0x00000000c2a00000, 0x00000000c2a00000| Untracked 
|  35|0x00000000c2b00000, 0x00000000c2b00000, 0x00000000c2c00000|  0%| F|  |TAMS 0x00000000c2b00000, 0x00000000c2b00000| Untracked 
|  36|0x00000000c2c00000, 0x00000000c2c00000, 0x00000000c2d00000|  0%| F|  |TAMS 0x00000000c2c00000, 0x00000000c2c00000| Untracked 
|  37|0x00000000c2d00000, 0x00000000c2d00000, 0x00000000c2e00000|  0%| F|  |TAMS 0x00000000c2d00000, 0x00000000c2d00000| Untracked 
|  38|0x00000000c2e00000, 0x00000000c2e00000, 0x00000000c2f00000|  0%| F|  |TAMS 0x00000000c2e00000, 0x00000000c2e00000| Untracked 
|  39|0x00000000c2f00000, 0x00000000c2f00000, 0x00000000c3000000|  0%| F|  |TAMS 0x00000000c2f00000, 0x00000000c2f00000| Untracked 
|  40|0x00000000c3000000, 0x00000000c3000000, 0x00000000c3100000|  0%| F|  |TAMS 0x00000000c3000000, 0x00000000c3000000| Untracked 
|  41|0x00000000c3100000, 0x00000000c3100000, 0x00000000c3200000|  0%| F|  |TAMS 0x00000000c3100000, 0x00000000c3100000| Untracked 
|  42|0x00000000c3200000, 0x00000000c3200000, 0x00000000c3300000|  0%| F|  |TAMS 0x00000000c3200000, 0x00000000c3200000| Untracked 
|  43|0x00000000c3300000, 0x00000000c3300000, 0x00000000c3400000|  0%| F|  |TAMS 0x00000000c3300000, 0x00000000c3300000| Untracked 
|  44|0x00000000c3400000, 0x00000000c3400000, 0x00000000c3500000|  0%| F|  |TAMS 0x00000000c3400000, 0x00000000c3400000| Untracked 
|  45|0x00000000c3500000, 0x00000000c3500000, 0x00000000c3600000|  0%| F|  |TAMS 0x00000000c3500000, 0x00000000c3500000| Untracked 
|  46|0x00000000c3600000, 0x00000000c3600000, 0x00000000c3700000|  0%| F|  |TAMS 0x00000000c3600000, 0x00000000c3600000| Untracked 
|  47|0x00000000c3700000, 0x00000000c3700000, 0x00000000c3800000|  0%| F|  |TAMS 0x00000000c3700000, 0x00000000c3700000| Untracked 
|  48|0x00000000c3800000, 0x00000000c3800000, 0x00000000c3900000|  0%| F|  |TAMS 0x00000000c3800000, 0x00000000c3800000| Untracked 
|  49|0x00000000c3900000, 0x00000000c3900000, 0x00000000c3a00000|  0%| F|  |TAMS 0x00000000c3900000, 0x00000000c3900000| Untracked 
|  50|0x00000000c3a00000, 0x00000000c3a00000, 0x00000000c3b00000|  0%| F|  |TAMS 0x00000000c3a00000, 0x00000000c3a00000| Untracked 
|  51|0x00000000c3b00000, 0x00000000c3b00000, 0x00000000c3c00000|  0%| F|  |TAMS 0x00000000c3b00000, 0x00000000c3b00000| Untracked 
|  52|0x00000000c3c00000, 0x00000000c3c00000, 0x00000000c3d00000|  0%| F|  |TAMS 0x00000000c3c00000, 0x00000000c3c00000| Untracked 
|  53|0x00000000c3d00000, 0x00000000c3d00000, 0x00000000c3e00000|  0%| F|  |TAMS 0x00000000c3d00000, 0x00000000c3d00000| Untracked 
|  54|0x00000000c3e00000, 0x00000000c3e00000, 0x00000000c3f00000|  0%| F|  |TAMS 0x00000000c3e00000, 0x00000000c3e00000| Untracked 
|  55|0x00000000c3f00000, 0x00000000c3f00000, 0x00000000c4000000|  0%| F|  |TAMS 0x00000000c3f00000, 0x00000000c3f00000| Untracked 
|  56|0x00000000c4000000, 0x00000000c4000000, 0x00000000c4100000|  0%| F|  |TAMS 0x00000000c4000000, 0x00000000c4000000| Untracked 
|  57|0x00000000c4100000, 0x00000000c4100000, 0x00000000c4200000|  0%| F|  |TAMS 0x00000000c4100000, 0x00000000c4100000| Untracked 
|  58|0x00000000c4200000, 0x00000000c4200000, 0x00000000c4300000|  0%| F|  |TAMS 0x00000000c4200000, 0x00000000c4200000| Untracked 
|  59|0x00000000c4300000, 0x00000000c4400000, 0x00000000c4400000|100%| E|  |TAMS 0x00000000c4300000, 0x00000000c4300000| Complete 
|  60|0x00000000c4400000, 0x00000000c4500000, 0x00000000c4500000|100%| E|CS|TAMS 0x00000000c4400000, 0x00000000c4400000| Complete 
|  61|0x00000000c4500000, 0x00000000c4600000, 0x00000000c4600000|100%| E|CS|TAMS 0x00000000c4500000, 0x00000000c4500000| Complete 
|  62|0x00000000c4600000, 0x00000000c4700000, 0x00000000c4700000|100%| E|CS|TAMS 0x00000000c4600000, 0x00000000c4600000| Complete 
|  63|0x00000000c4700000, 0x00000000c4800000, 0x00000000c4800000|100%| E|CS|TAMS 0x00000000c4700000, 0x00000000c4700000| Complete 

Card table byte_map: [0x000001e3310c0000,0x000001e3312c0000] _byte_map_base: 0x000001e330abc000

Marking Bits (Prev, Next): (CMBitMap*) 0x000001e31e4cf810, (CMBitMap*) 0x000001e31e4cf850
 Prev Bits: [0x000001e3314c0000, 0x000001e3324a0000)
 Next Bits: [0x000001e3324a0000, 0x000001e333480000)

Polling page: 0x000001e31c380000

Metaspace:

Usage:
  Non-class:      9.74 MB capacity,     9.65 MB (>99%) used,    82.30 KB ( <1%) free+waste,    12.31 KB ( <1%) overhead. 
      Class:      1.02 MB capacity,  1018.65 KB ( 97%) used,    25.85 KB (  2%) free+waste,     4.50 KB ( <1%) overhead. 
       Both:     10.77 MB capacity,    10.65 MB ( 99%) used,   108.16 KB ( <1%) free+waste,    16.81 KB ( <1%) overhead. 

Virtual space:
  Non-class space:       10.00 MB reserved,       9.75 MB ( 98%) committed 
      Class space:        1.00 GB reserved,       1.12 MB ( <1%) committed 
             Both:        1.01 GB reserved,      10.88 MB (  1%) committed 

Chunk freelists:
   Non-Class:  7.00 KB
       Class:  7.00 KB
        Both:  14.00 KB

MaxMetaspaceSize: 17179869184.00 GB
CompressedClassSpaceSize: 1.00 GB

CodeHeap 'non-profiled nmethods': size=120000Kb used=143Kb max_used=143Kb free=119857Kb
 bounds [0x000001e329990000, 0x000001e329c00000, 0x000001e330ec0000]
CodeHeap 'profiled nmethods': size=120000Kb used=760Kb max_used=760Kb free=119239Kb
 bounds [0x000001e322460000, 0x000001e3226d0000, 0x000001e329990000]
CodeHeap 'non-nmethods': size=5760Kb used=1214Kb max_used=1225Kb free=4546Kb
 bounds [0x000001e321ec0000, 0x000001e322130000, 0x000001e322460000]
 total_blobs=1017 nmethods=531 adapters=399
 compilation: enabled
              stopped_count=0, restarted_count=0
 full_count=0

Compilation events (20 events):
Event: 0.444 Thread 0x000001e3361bc350  524       3       java.util.HashMap::containsKey (14 bytes)
Event: 0.444 Thread 0x000001e3361bc350 nmethod 524 0x000001e32251c790 code [0x000001e32251c940, 0x000001e32251cac8]
Event: 0.444 Thread 0x000001e3361bc350  522  s    1       sun.font.SunFontManager::getDefaultFontFile (5 bytes)
Event: 0.444 Thread 0x000001e3361bc350 nmethod 522 0x000001e3299b2f10 code [0x000001e3299b30a0, 0x000001e3299b31f8]
Event: 0.444 Thread 0x000001e3361bc350  523  s    1       sun.font.SunFontManager::getDefaultFontFaceName (5 bytes)
Event: 0.444 Thread 0x000001e3361bc350 nmethod 523 0x000001e3299b3290 code [0x000001e3299b3420, 0x000001e3299b3578]
Event: 0.444 Thread 0x000001e3361bc350  526       3       java.lang.CharacterDataLatin1::toLowerCase (39 bytes)
Event: 0.445 Thread 0x000001e3361bc350 nmethod 526 0x000001e32251cb90 code [0x000001e32251cd40, 0x000001e32251cf78]
Event: 0.445 Thread 0x000001e3361bc350  525       1       sun.util.locale.BaseLocale::getLanguage (5 bytes)
Event: 0.445 Thread 0x000001e3361bc350 nmethod 525 0x000001e3299b3610 code [0x000001e3299b37a0, 0x000001e3299b3858]
Event: 0.445 Thread 0x000001e3361bc350  527       3       java.lang.CharacterDataLatin1::toUpperCase (53 bytes)
Event: 0.445 Thread 0x000001e33619f430  530       4       java.lang.CharacterDataLatin1::getProperties (11 bytes)
Event: 0.445 Thread 0x000001e3361bc350 nmethod 527 0x000001e32251d090 code [0x000001e32251d240, 0x000001e32251d4d8]
Event: 0.445 Thread 0x000001e3361bc350  528       3       java.lang.Character::toUpperCase (6 bytes)
Event: 0.445 Thread 0x000001e3361bc350 nmethod 528 0x000001e32251d610 code [0x000001e32251d7c0, 0x000001e32251d9f8]
Event: 0.445 Thread 0x000001e3361bc350  529       3       java.lang.Character::toUpperCase (9 bytes)
Event: 0.445 Thread 0x000001e3361bc350 nmethod 529 0x000001e32251db10 code [0x000001e32251dcc0, 0x000001e32251de98]
Event: 0.445 Thread 0x000001e3361bc350  531       3       java.util.TreeMap::parentOf (13 bytes)
Event: 0.445 Thread 0x000001e3361bc350 nmethod 531 0x000001e32251df90 code [0x000001e32251e120, 0x000001e32251e278]
Event: 0.446 Thread 0x000001e33619f430 nmethod 530 0x000001e3299b3910 code [0x000001e3299b3a80, 0x000001e3299b3b18]

GC Heap History (0 events):
No events

Deoptimization events (8 events):
Event: 0.155 Thread 0x000001e31e49f970 Uncommon trap: trap_request=0xffffff45 fr.pc=0x000001e3299947cc relative=0x00000000000001ac
Event: 0.155 Thread 0x000001e31e49f970 Uncommon trap: reason=unstable_if action=reinterpret pc=0x000001e3299947cc method=java.lang.String.hashCode()I @ 42 c2
Event: 0.155 Thread 0x000001e31e49f970 DEOPT PACKING pc=0x000001e3299947cc sp=0x00000050d8ffd990
Event: 0.155 Thread 0x000001e31e49f970 DEOPT UNPACKING pc=0x000001e321f0e42f sp=0x00000050d8ffd928 mode 2
Event: 0.444 Thread 0x000001e33643c4b0 Uncommon trap: trap_request=0xffffffe5 fr.pc=0x000001e3299a7a90 relative=0x0000000000000170
Event: 0.444 Thread 0x000001e33643c4b0 Uncommon trap: reason=range_check action=reinterpret pc=0x000001e3299a7a90 method=java.lang.StringLatin1.indexOf([BII)I @ 13 c2
Event: 0.444 Thread 0x000001e33643c4b0 DEOPT PACKING pc=0x000001e3299a7a90 sp=0x00000050da1fcb90
Event: 0.444 Thread 0x000001e33643c4b0 DEOPT UNPACKING pc=0x000001e321f0e42f sp=0x00000050da1fcb10 mode 2

Classes unloaded (0 events):
No events

Classes redefined (0 events):
No events

Internal exceptions (12 events):
Event: 0.184 Thread 0x000001e336441260 Exception <a 'java/lang/NoSuchMethodError'{0x00000000c4694838}: 'void java.lang.invoke.DirectMethodHandle$Holder.invokeSpecial(java.lang.Object, java.lang.Object, java.lang.Object)'> (0x00000000c4694838) 
thrown [./open/src/hotspot/share/interpreter/linkResolver.cpp, line 782]
Event: 0.213 Thread 0x000001e336441260 Exception <a 'java/lang/ClassNotFoundException'{0x00000000c46b4998}: sun/awt/resources/spi/awtProvider> (0x00000000c46b4998) 
thrown [./open/src/hotspot/share/classfile/systemDictionary.cpp, line 295]
Event: 0.243 Thread 0x000001e336441260 Exception <a 'java/io/FileNotFoundException'{0x00000000c4548910}> (0x00000000c4548910) 
thrown [./open/src/hotspot/share/prims/jni.cpp, line 578]
Event: 0.252 Thread 0x000001e336441260 Exception <a 'java/io/FileNotFoundException'{0x00000000c4577230}> (0x00000000c4577230) 
thrown [./open/src/hotspot/share/prims/jni.cpp, line 578]
Event: 0.253 Thread 0x000001e336441260 Exception <a 'java/lang/NoSuchMethodError'{0x00000000c4578598}: 'java.lang.Object java.lang.invoke.DirectMethodHandle$Holder.invokeStatic(java.lang.Object)'> (0x00000000c4578598) 
thrown [./open/src/hotspot/share/interpreter/linkResolver.cpp, line 782]
Event: 0.296 Thread 0x000001e336441260 Exception <a 'java/lang/NoSuchMethodError'{0x00000000c45ccf10}: 'java.lang.Object java.lang.invoke.DirectMethodHandle$Holder.invokeStaticInit(java.lang.Object)'> (0x00000000c45ccf10) 
thrown [./open/src/hotspot/share/interpreter/linkResolver.cpp, line 782]
Event: 0.338 Thread 0x000001e336441260 Exception <a 'java/lang/NoSuchMethodError'{0x00000000c4465488}: 'java.lang.Object java.lang.invoke.DirectMethodHandle$Holder.newInvokeSpecial(java.lang.Object, java.lang.Object, java.lang.Object, java.lang.Object, java.lang.Object)'> (0x00000000c4465488) 
thrown [./open/src/hotspot/share/interpreter/linkResolver.cpp, line 782]
Event: 0.341 Thread 0x000001e336441260 Exception <a 'java/lang/NoSuchMethodError'{0x00000000c4470f18}: 'java.lang.Object java.lang.invoke.DirectMethodHandle$Holder.invokeStatic(java.lang.Object, int, java.lang.Object, java.lang.Object, java.lang.Object, java.lang.Object)'> (0x00000000c4470f18) 
thrown [./open/src/hotspot/share/interpreter/linkResolver.cpp, line 782]
Event: 0.346 Thread 0x000001e336441260 Exception <a 'java/lang/NoSuchMethodError'{0x00000000c4497678}: 'java.lang.Object java.lang.invoke.DirectMethodHandle$Holder.invokeStatic(java.lang.Object, int, java.lang.Object)'> (0x00000000c4497678) 
thrown [./open/src/hotspot/share/interpreter/linkResolver.cpp, line 782]
Event: 0.379 Thread 0x000001e336441260 Exception <a 'java/lang/ClassNotFoundException'{0x00000000c43533b0}: com/sun/swing/internal/plaf/metal/resources/spi/metalProvider> (0x00000000c43533b0) 
thrown [./open/src/hotspot/share/classfile/systemDictionary.cpp, line 295]
Event: 0.380 Thread 0x000001e336441260 Exception <a 'java/lang/ClassNotFoundException'{0x00000000c43571f8}: com/sun/swing/internal/plaf/basic/resources/spi/basicProvider> (0x00000000c43571f8) 
thrown [./open/src/hotspot/share/classfile/systemDictionary.cpp, line 295]
Event: 0.403 Thread 0x000001e336923550 Exception <a 'java/lang/NoSuchMethodError'{0x00000000c4394c10}: 'java.lang.Object java.lang.invoke.DirectMethodHandle$Holder.newInvokeSpecial(java.lang.Object, java.lang.Object, java.lang.Object, int, int, int, int, int)'> (0x00000000c4394c10) 
thrown [./open/src/hotspot/share/interpreter/linkResolver.cpp, line 782]

Events (20 events):
Event: 0.445 loading class sun/awt/Win32FontManager$2
Event: 0.445 loading class sun/awt/Win32FontManager$2 done
Event: 0.445 loading class java/awt/GraphicsDevice
Event: 0.445 loading class java/awt/GraphicsDevice done
Event: 0.445 loading class sun/java2d/d3d/D3DGraphicsDevice
Event: 0.446 loading class sun/awt/Win32GraphicsDevice
Event: 0.446 loading class sun/awt/Win32GraphicsDevice done
Event: 0.446 loading class sun/java2d/d3d/D3DGraphicsDevice done
Event: 0.459 loading class sun/java2d/d3d/D3DRenderQueue
Event: 0.459 loading class sun/java2d/pipe/RenderQueue
Event: 0.459 loading class sun/java2d/pipe/RenderQueue done
Event: 0.459 loading class sun/java2d/d3d/D3DRenderQueue done
Event: 0.459 loading class sun/java2d/pipe/RenderBuffer
Event: 0.459 loading class sun/java2d/pipe/RenderBuffer done
Event: 0.459 loading class sun/java2d/d3d/D3DRenderQueue$1
Event: 0.459 loading class sun/java2d/d3d/D3DRenderQueue$1 done
Event: 0.459 loading class sun/java2d/d3d/D3DGraphicsDevice$1Result
Event: 0.459 loading class sun/java2d/d3d/D3DGraphicsDevice$1Result done
Event: 0.459 loading class sun/java2d/d3d/D3DGraphicsDevice$1
Event: 0.459 loading class sun/java2d/d3d/D3DGraphicsDevice$1 done


Dynamic libraries:
0x00007ff6c7a40000 - 0x00007ff6c7a4d000 	C:\Users\fillt\eclipse\plugins\org.eclipse.justj.openjdk.hotspot.jre.full.win32.x86_64_15.0.1.v20201027-0507\jre\bin\javaw.exe
0x00007fffe0930000 - 0x00007fffe0b28000 	C:\Windows\SYSTEM32\ntdll.dll
0x00007fffdeca0000 - 0x00007fffded5d000 	C:\Windows\System32\KERNEL32.DLL
0x00007fffde6b0000 - 0x00007fffde982000 	C:\Windows\System32\KERNELBASE.dll
0x00007fffde150000 - 0x00007fffde250000 	C:\Windows\System32\ucrtbase.dll
0x00007fffd6dd0000 - 0x00007fffd6de9000 	C:\Users\fillt\eclipse\plugins\org.eclipse.justj.openjdk.hotspot.jre.full.win32.x86_64_15.0.1.v20201027-0507\jre\bin\VCRUNTIME140.dll
0x00007fffce3f0000 - 0x00007fffce408000 	C:\Users\fillt\eclipse\plugins\org.eclipse.justj.openjdk.hotspot.jre.full.win32.x86_64_15.0.1.v20201027-0507\jre\bin\jli.dll
0x00007fffdfe00000 - 0x00007fffdff9d000 	C:\Windows\System32\USER32.dll
0x00007fffde590000 - 0x00007fffde5b2000 	C:\Windows\System32\win32u.dll
0x00007fffdf440000 - 0x00007fffdf46b000 	C:\Windows\System32\GDI32.dll
0x00007fffde040000 - 0x00007fffde14f000 	C:\Windows\System32\gdi32full.dll
0x00007fffde5c0000 - 0x00007fffde65d000 	C:\Windows\System32\msvcp_win.dll
0x00007fffd0f50000 - 0x00007fffd11ea000 	C:\Windows\WinSxS\amd64_microsoft.windows.common-controls_6595b64144ccf1df_6.0.19041.1110_none_60b5254171f9507e\COMCTL32.dll
0x00007fffded60000 - 0x00007fffdedfe000 	C:\Windows\System32\msvcrt.dll
0x00007fffe0340000 - 0x00007fffe0370000 	C:\Windows\System32\IMM32.DLL
0x00007fffd97b0000 - 0x00007fffd97bc000 	C:\Users\fillt\eclipse\plugins\org.eclipse.justj.openjdk.hotspot.jre.full.win32.x86_64_15.0.1.v20201027-0507\jre\bin\vcruntime140_1.dll
0x00007fffc7610000 - 0x00007fffc76a1000 	C:\Users\fillt\eclipse\plugins\org.eclipse.justj.openjdk.hotspot.jre.full.win32.x86_64_15.0.1.v20201027-0507\jre\bin\msvcp140.dll
0x00007fff90340000 - 0x00007fff90e9e000 	C:\Users\fillt\eclipse\plugins\org.eclipse.justj.openjdk.hotspot.jre.full.win32.x86_64_15.0.1.v20201027-0507\jre\bin\server\jvm.dll
0x00007fffdf260000 - 0x00007fffdf30e000 	C:\Windows\System32\ADVAPI32.dll
0x00007fffdfcf0000 - 0x00007fffdfd8c000 	C:\Windows\System32\sechost.dll
0x00007fffdf310000 - 0x00007fffdf435000 	C:\Windows\System32\RPCRT4.dll
0x00007fffdeee0000 - 0x00007fffdeee8000 	C:\Windows\System32\PSAPI.DLL
0x00007fffcd940000 - 0x00007fffcd949000 	C:\Windows\SYSTEM32\WSOCK32.dll
0x00007fffd1b30000 - 0x00007fffd1b57000 	C:\Windows\SYSTEM32\WINMM.dll
0x00007fffe0880000 - 0x00007fffe08eb000 	C:\Windows\System32\WS2_32.dll
0x00007fffd4c80000 - 0x00007fffd4c8a000 	C:\Windows\SYSTEM32\VERSION.dll
0x00007fffdc8e0000 - 0x00007fffdc8f2000 	C:\Windows\SYSTEM32\kernel.appcore.dll
0x00007fffd6f50000 - 0x00007fffd6f5a000 	C:\Users\fillt\eclipse\plugins\org.eclipse.justj.openjdk.hotspot.jre.full.win32.x86_64_15.0.1.v20201027-0507\jre\bin\jimage.dll
0x00007fffdc6a0000 - 0x00007fffdc884000 	C:\Windows\SYSTEM32\DBGHELP.DLL
0x00007fffd1b00000 - 0x00007fffd1b2c000 	C:\Windows\SYSTEM32\dbgcore.DLL
0x00007fffde250000 - 0x00007fffde2d2000 	C:\Windows\System32\bcryptPrimitives.dll
0x00007fffc86b0000 - 0x00007fffc86d5000 	C:\Users\fillt\eclipse\plugins\org.eclipse.justj.openjdk.hotspot.jre.full.win32.x86_64_15.0.1.v20201027-0507\jre\bin\java.dll
0x00007fffceed0000 - 0x00007fffceee8000 	C:\Users\fillt\eclipse\plugins\org.eclipse.justj.openjdk.hotspot.jre.full.win32.x86_64_15.0.1.v20201027-0507\jre\bin\zip.dll
0x00007fffdf470000 - 0x00007fffdfbb3000 	C:\Windows\System32\SHELL32.dll
0x00007fffdbef0000 - 0x00007fffdc681000 	C:\Windows\SYSTEM32\windows.storage.dll
0x00007fffdef00000 - 0x00007fffdf254000 	C:\Windows\System32\combase.dll
0x00007fffdd9c0000 - 0x00007fffdd9f0000 	C:\Windows\SYSTEM32\Wldp.dll
0x00007fffde990000 - 0x00007fffdea3d000 	C:\Windows\System32\SHCORE.dll
0x00007fffe0150000 - 0x00007fffe01a5000 	C:\Windows\System32\shlwapi.dll
0x00007fffddf80000 - 0x00007fffddf9f000 	C:\Windows\SYSTEM32\profapi.dll
0x00007fffcf450000 - 0x00007fffcf460000 	C:\Users\fillt\eclipse\plugins\org.eclipse.justj.openjdk.hotspot.jre.full.win32.x86_64_15.0.1.v20201027-0507\jre\bin\verify.dll
0x00007fffbfd00000 - 0x00007fffbfe7f000 	C:\Users\fillt\eclipse\plugins\org.eclipse.justj.openjdk.hotspot.jre.full.win32.x86_64_15.0.1.v20201027-0507\jre\bin\awt.dll
0x00007fffe0270000 - 0x00007fffe033d000 	C:\Windows\System32\OLEAUT32.dll
0x00007fffdb630000 - 0x00007fffdb6c1000 	C:\Windows\SYSTEM32\apphelp.dll
0x00007fffdb770000 - 0x00007fffdb80e000 	C:\Windows\system32\uxtheme.dll
0x00007fffdeb80000 - 0x00007fffdec95000 	C:\Windows\System32\MSCTF.dll
0x00007fffdfbc0000 - 0x00007fffdfcea000 	C:\Windows\System32\ole32.dll
0x00007fffdb960000 - 0x00007fffdb98f000 	C:\Windows\system32\DWMAPI.DLL
0x00007fffc0f20000 - 0x00007fffc0fa5000 	C:\Users\fillt\eclipse\plugins\org.eclipse.justj.openjdk.hotspot.jre.full.win32.x86_64_15.0.1.v20201027-0507\jre\bin\freetype.dll
0x00007fffbf6b0000 - 0x00007fffbf759000 	C:\Users\fillt\eclipse\plugins\org.eclipse.justj.openjdk.hotspot.jre.full.win32.x86_64_15.0.1.v20201027-0507\jre\bin\fontmanager.dll
0x00007fffc4a70000 - 0x00007fffc4b97000 	C:\Windows\system32\opengl32.dll
0x00007fffc6f50000 - 0x00007fffc6f7c000 	C:\Windows\SYSTEM32\GLU32.dll
0x00007fffb0a30000 - 0x00007fffb0bff000 	C:\Windows\system32\d3d9.dll
0x00007fff8d8b0000 - 0x00007fff8e966000 	C:\Windows\SYSTEM32\nvd3dumx.dll

dbghelp: loaded successfully - version: 4.0.5 - missing functions: none
symbol engine: initialized successfully - sym options: 0x614 - pdb path: .;C:\Users\fillt\eclipse\plugins\org.eclipse.justj.openjdk.hotspot.jre.full.win32.x86_64_15.0.1.v20201027-0507\jre\bin;C:\Windows\SYSTEM32;C:\Windows\WinSxS\amd64_microsoft.windows.common-controls_6595b64144ccf1df_6.0.19041.1110_none_60b5254171f9507e;C:\Users\fillt\eclipse\plugins\org.eclipse.justj.openjdk.hotspot.jre.full.win32.x86_64_15.0.1.v20201027-0507\jre\bin\server

VM Arguments:
jvm_args: -Dfile.encoding=Cp1252 -XX:+ShowCodeDetailsInExceptionMessages 
java_command: aula11.Main
java_class_path (initial): C:\Users\fillt\Documents\JAVA-courses\java\aula12\tp\target\classes
Launcher Type: SUN_STANDARD

[Global flags]
     intx CICompilerCount                          = 3                                         {product} {ergonomic}
     uint ConcGCThreads                            = 1                                         {product} {ergonomic}
     uint G1ConcRefinementThreads                  = 4                                         {product} {ergonomic}
   size_t G1HeapRegionSize                         = 1048576                                   {product} {ergonomic}
    uintx GCDrainStackTargetSize                   = 64                                        {product} {ergonomic}
   size_t InitialHeapSize                          = 67108864                                  {product} {ergonomic}
   size_t MarkStackSize                            = 4194304                                   {product} {ergonomic}
   size_t MaxHeapSize                              = 1065353216                                {product} {ergonomic}
   size_t MaxNewSize                               = 638582784                                 {product} {ergonomic}
   size_t MinHeapDeltaBytes                        = 1048576                                   {product} {ergonomic}
   size_t MinHeapSize                              = 8388608                                   {product} {ergonomic}
    uintx NonNMethodCodeHeapSize                   = 5832780                                {pd product} {ergonomic}
    uintx NonProfiledCodeHeapSize                  = 122912730                              {pd product} {ergonomic}
    uintx ProfiledCodeHeapSize                     = 122912730                              {pd product} {ergonomic}
    uintx ReservedCodeCacheSize                    = 251658240                              {pd product} {ergonomic}
     bool SegmentedCodeCache                       = true                                      {product} {ergonomic}
     bool ShowCodeDetailsInExceptionMessages       = true                                   {manageable} {command line}
   size_t SoftMaxHeapSize                          = 1065353216                             {manageable} {ergonomic}
     bool UseCompressedClassPointers               = true                                 {lp64_product} {ergonomic}
     bool UseCompressedOops                        = true                                 {lp64_product} {ergonomic}
     bool UseG1GC                                  = true                                      {product} {ergonomic}
     bool UseLargePagesIndividualAllocation        = false                                  {pd product} {ergonomic}

Logging:
Log output configuration:
 #0: stdout all=warning uptime,level,tags
 #1: stderr all=off uptime,level,tags

Environment Variables:
PATH=C:/Users/fillt/eclipse//plugins/org.eclipse.justj.openjdk.hotspot.jre.full.win32.x86_64_15.0.1.v20201027-0507/jre/bin/server;C:/Users/fillt/eclipse//plugins/org.eclipse.justj.openjdk.hotspot.jre.full.win32.x86_64_15.0.1.v20201027-0507/jre/bin;C:\Program Files\Common Files\Oracle\Java\javapath;C:\Program Files\AdoptOpenJDK\jdk-11.0.10.9-hotspot\bin;C:\Program Files (x86)\Common Files\Oracle\Java\javapath;C:\Program Files (x86)\NVIDIA Corporation\PhysX\Common;C:\Windows\system32;C:\Windows;C:\Windows\System32\Wbem;C:\Windows\System32\WindowsPowerShell\v1.0\;C:\Windows\System32\OpenSSH\;C:\Program Files\Git\cmd;C:\ProgramData\chocolatey\bin;C:\sqlite3;;C:\Program Files\NVIDIA Corporation\NVIDIA NvDLISR;C:\Program Files\nodejs\;C:\Users\fillt\AppData\Local\Microsoft\WindowsApps;;C:\Users\fillt\AppData\Local\Programs\Microsoft VS Code\bin;C:\Program Files\JetBrains\IntelliJ IDEA Community Edition 2021.3.2\bin;;C:\Users\fillt\AppData\Roaming\npm;C:\Users\fillt\eclipse;
USERNAME=fillt
OS=Windows_NT
PROCESSOR_IDENTIFIER=Intel64 Family 6 Model 58 Stepping 9, GenuineIntel



---------------  S Y S T E M  ---------------

OS:
 Windows 10 , 64 bit Build 19041 (10.0.19041.1889)
OS uptime: 0 days 1:06 hours

CPU: total 4 (initial active 4) (4 cores per cpu, 1 threads per core) family 6 model 58 stepping 9 microcode 0x21, cmov, cx8, fxsr, mmx, sse, sse2, sse3, ssse3, sse4.1, sse4.2, popcnt, vzeroupper, avx, aes, clmul, erms, tsc, tscinvbit, tscinv, clflush

Memory: 4k page, system-wide physical 4059M (793M free)
TotalPageFile size 6491M (AvailPageFile size 2264M)
current process WorkingSet (physical memory assigned to process): 51M, peak: 51M
current process commit charge ("private bytes"): 143M, peak: 143M

vm_info: OpenJDK 64-Bit Server VM (15.0.1+9-18) for windows-amd64 JRE (15.0.1+9-18), built on Sep 15 2020 14:39:31 by "mach5one" with unknown MS VC++:1925

END.
