#
# A fatal error has been detected by the Java Runtime Environment:
#
#  EXCEPTION_ILLEGAL_INSTRUCTION (0xc000001d) at pc=0x00007fff8e42941a, pid=2900, tid=8644
#
# JRE version: OpenJDK Runtime Environment (15.0.1+9) (build 15.0.1+9-18)
# Java VM: OpenJDK 64-Bit Server VM (15.0.1+9-18, mixed mode, tiered, compressed oops, g1 gc, windows-amd64)
# Problematic frame:
# C  [nvd3dumx.dll+0x82941a]
#
# No core dump will be written. Minidumps are not enabled by default on client versions of Windows
#
# If you would like to submit a bug report, please visit:
#   https://bugreport.java.com/bugreport/crash.jsp
# The crash happened outside the Java Virtual Machine in native code.
# See problematic frame for where to report the bug.
#

---------------  S U M M A R Y ------------

Command Line: -XX:+ShowCodeDetailsInExceptionMessages -agentlib:jdwp=transport=dt_socket,suspend=y,address=localhost:56782 -javaagent:C:\Users\fillt\eclipse\configuration\org.eclipse.osgi\405\0\.cp\lib\javaagent-shaded.jar -Dfile.encoding=Cp1252 aula12.Main

Host: Intel(R) Core(TM) i5-3470 CPU @ 3.20GHz, 4 cores, 3G,  Windows 10 , 64 bit Build 19041 (10.0.19041.1889)
Time: Wed Nov  2 12:26:23 2022 Hora oficial do Brasil elapsed time: 28.403503 seconds (0d 0h 0m 28s)

---------------  T H R E A D  ---------------

Current thread (0x00000173b6359440):  JavaThread "AWT-Windows" daemon [_thread_in_native, id=8644, stack(0x0000004d33100000,0x0000004d33200000)]

Stack: [0x0000004d33100000,0x0000004d33200000],  sp=0x0000004d331fb870,  free space=1006k
Native frames: (J=compiled Java code, j=interpreted, Vv=VM code, C=native code)
C  [nvd3dumx.dll+0x82941a]

Java frames: (J=compiled Java code, j=interpreted, Vv=VM code)
j  sun.java2d.d3d.D3DGraphicsDevice.getDeviceCapsNative(I)I+0 java.desktop@15.0.1
j  sun.java2d.d3d.D3DGraphicsDevice$1.run()V+8 java.desktop@15.0.1
v  ~StubRoutines::call_stub
j  sun.awt.windows.WToolkit.eventLoop()V+0 java.desktop@15.0.1
j  sun.awt.windows.WToolkit.run()V+50 java.desktop@15.0.1
j  java.lang.Thread.run()V+11 java.base@15.0.1
v  ~StubRoutines::call_stub

siginfo: EXCEPTION_ILLEGAL_INSTRUCTION (0xc000001d)


Register to memory mapping:

RIP=0x00007fff8e42941a nvd3dumx.dll
RAX=0x00007fff8e7b8470 nvd3dumx.dll
RBX=0x00000173b6ab8740 points into unknown readable memory: 0x00007fff8e7b8430 | 30 84 7b 8e ff 7f 00 00
RCX=0x00000173b6ab8740 points into unknown readable memory: 0x00007fff8e7b8430 | 30 84 7b 8e ff 7f 00 00
RDX=0x00000173b6ab5000 points into unknown readable memory: 0x0000000000000000 | 00 00 00 00 00 00 00 00
RSP=0x0000004d331fb870 is pointing into the stack for thread: 0x00000173b6359440
RBP=0x00007fff8e3b07b9 nvd3dumx.dll
RSI=0x00000173b6ab8340 points into unknown readable memory: 0x00007fff8e7ba348 | 48 a3 7b 8e ff 7f 00 00
RDI=0x00000173b6ab8350 points into unknown readable memory: 0x00000173b68e8f10 | 10 8f 8e b6 73 01 00 00
R8 =0x00000173b6170bd0 points into unknown readable memory: 0x80857a2800000004 | 04 00 00 00 28 7a 85 80
R9 =0x0 is NULL
R10=0x0 is NULL
R11=0x00000173b6ab8678 points into unknown readable memory: 0x0000000000000000 | 00 00 00 00 00 00 00 00
R12=0x00000173b6aab898 points into unknown readable memory: 0x00007fffb0a43df0 | f0 3d a4 b0 ff 7f 00 00
R13=0x00000173b6aa2cb0 points into unknown readable memory: 0x0000300400000902 | 02 09 00 00 04 30 00 00
R14=0x00000173b68e8bd0 points into unknown readable memory: 0x00000173b68e8b50 | 50 8b 8e b6 73 01 00 00
R15=0x00000173b6ac02b8 points into unknown readable memory: 0x0000000000000001 | 01 00 00 00 00 00 00 00


Registers:
RAX=0x00007fff8e7b8470, RBX=0x00000173b6ab8740, RCX=0x00000173b6ab8740, RDX=0x00000173b6ab5000
RSP=0x0000004d331fb870, RBP=0x00007fff8e3b07b9, RSI=0x00000173b6ab8340, RDI=0x00000173b6ab8350
R8 =0x00000173b6170bd0, R9 =0x0000000000000000, R10=0x0000000000000000, R11=0x00000173b6ab8678
R12=0x00000173b6aab898, R13=0x00000173b6aa2cb0, R14=0x00000173b68e8bd0, R15=0x00000173b6ac02b8
RIP=0x00007fff8e42941a, EFLAGS=0x0000000000010282

Top of Stack: (sp=0x0000004d331fb870)
0x0000004d331fb870:   00000173b6ab9680 00000173b6ab8340
0x0000004d331fb880:   00000173b6ab8350 00000173b6b4ff80
0x0000004d331fb890:   0000000000000009 00007fff8e3acf6d
0x0000004d331fb8a0:   00000173b6ab8340 00000173b6b23ab0
0x0000004d331fb8b0:   0000000000000000 0000000000000000
0x0000004d331fb8c0:   0000000000000000 00007fff8e479eea
0x0000004d331fb8d0:   00000173b6ab5000 00000173b6b23ab0
0x0000004d331fb8e0:   00000173b6ab8340 00000173b68e8d58
0x0000004d331fb8f0:   00000173b6ac02b8 00000173b6ac02c0
0x0000004d331fb900:   00000173b6ac02c8 00007fff8e4780d6
0x0000004d331fb910:   0000004d331fbb20 00000173b6aaa800
0x0000004d331fb920:   0000000000000000 0000000000000000
0x0000004d331fb930:   00000173b6aaa800 00007fff8e47b657
0x0000004d331fb940:   00000173b6ab5000 00000173b6aa2cb0
0x0000004d331fb950:   00000173b6aa12c0 00000173b6aab898
0x0000004d331fb960:   00000173b6aa2cb0 00007fff8e46f0cf 

Instructions: (pc=0x00007fff8e42941a)
0x00007fff8e42931a:   e6 86 51 11 e3 c7 6c ae d4 51 6b a0 61 f1 61 31
0x00007fff8e42932a:   73 c3 1f bc e5 63 61 f8 f2 83 6b 10 48 44 b1 9e
0x00007fff8e42933a:   9e e5 a9 4d a2 97 62 d9 93 1e 96 f2 e9 79 58 03
0x00007fff8e42934a:   3a 7d 7f 62 24 a6 5c b3 fa 81 8a a3 9f 7e fa ee
0x00007fff8e42935a:   37 27 fe e3 bf 13 83 7d 34 b1 0f 34 66 a0 65 e4
0x00007fff8e42936a:   49 6d f8 52 72 a2 19 33 12 9c bd 0e b9 fd 8b 0f
0x00007fff8e42937a:   94 32 45 92 79 d9 12 0e 57 f8 c5 be 87 9f cc 06
0x00007fff8e42938a:   60 f6 35 c8 ed 35 41 44 3b 68 55 0a 61 fb 2a 8a
0x00007fff8e42939a:   b2 ee 43 5c bf 1b a3 fb b6 f2 cf bf a1 17 f7 d7
0x00007fff8e4293aa:   05 b1 11 5e 6f d2 5f b2 0c 55 bd 85 29 78 b7 1e
0x00007fff8e4293ba:   45 4d a6 92 8a ee 13 25 77 ce 20 99 96 04 03 8c
0x00007fff8e4293ca:   67 8e 75 64 33 a0 a3 d5 f0 8a a9 0c c0 2a 85 aa
0x00007fff8e4293da:   59 68 8c d7 61 b0 49 55 bf d6 a6 e0 19 46 70 ca
0x00007fff8e4293ea:   2e f0 f3 55 51 52 1d fe 0d 57 2f ab cf ac b9 b8
0x00007fff8e4293fa:   d4 04 0b bc e2 c9 d4 d0 f1 f5 00 1b cd 5f 89 9e
0x00007fff8e42940a:   3a 0a 8b 49 57 1d 67 5d 12 c3 f7 01 66 33 19 da
0x00007fff8e42941a:   d5 7d 57 b9 02 0a 9f 98 f0 6c 48 c0 b2 cf 26 b4
0x00007fff8e42942a:   17 f0 de fe d6 a8 bc f0 88 23 33 87 9f 94 e5 97
0x00007fff8e42943a:   2f c7 d5 df ad 34 4b 9a 70 67 9c e3 9f 3d e0 cf
0x00007fff8e42944a:   70 93 58 99 37 de 16 5a b7 3d 6f ff ae 00 9d 84
0x00007fff8e42945a:   e1 69 e1 53 7a 58 aa 43 b8 91 a2 48 c2 b0 b5 b8
0x00007fff8e42946a:   3f 8a 8e 32 45 d9 69 0a ec e2 07 30 da a7 70 a4
0x00007fff8e42947a:   9c 66 c0 3b 49 73 3d 11 91 a7 40 8f d1 bb 2e b4
0x00007fff8e42948a:   f4 c6 08 bb 5d 52 ba 19 e3 f0 6c 5c 50 54 44 e8
0x00007fff8e42949a:   7b d6 51 f5 e5 b7 80 fc 74 81 71 6a 19 55 14 2e
0x00007fff8e4294aa:   a7 b0 da 82 d5 bc 06 43 d8 eb f9 84 a9 07 8b 4e
0x00007fff8e4294ba:   d5 48 1c 7b 59 e7 92 41 48 94 e9 ad 69 ac 1c 42
0x00007fff8e4294ca:   43 8e d1 75 79 6c c4 1b 9f ef 0c 0c 96 1b 80 e0
0x00007fff8e4294da:   cd 32 05 3e a5 ac cf 68 03 7d ff d1 4a 6f 60 8f
0x00007fff8e4294ea:   75 bd 7b 36 19 0e 3b 00 79 64 98 6a d8 45 37 d4
0x00007fff8e4294fa:   a8 2b 20 13 74 23 db ca 31 51 61 30 d3 dd 0a 59
0x00007fff8e42950a:   fc 19 6d 58 60 33 a4 ba 95 d8 07 e0 bf 99 5d be 


Stack slot to memory mapping:
stack at sp + 0 slots: 0x00000173b6ab9680 points into unknown readable memory: 0x00007fff8e7b6a20 | 20 6a 7b 8e ff 7f 00 00
stack at sp + 1 slots: 0x00000173b6ab8340 points into unknown readable memory: 0x00007fff8e7ba348 | 48 a3 7b 8e ff 7f 00 00
stack at sp + 2 slots: 0x00000173b6ab8350 points into unknown readable memory: 0x00000173b68e8f10 | 10 8f 8e b6 73 01 00 00
stack at sp + 3 slots: 0x00000173b6b4ff80 points into unknown readable memory: 0x0000000100000000 | 00 00 00 00 01 00 00 00
stack at sp + 4 slots: 0x0000000000000009 is an unknown value
stack at sp + 5 slots: 0x00007fff8e3acf6d nvd3dumx.dll
stack at sp + 6 slots: 0x00000173b6ab8340 points into unknown readable memory: 0x00007fff8e7ba348 | 48 a3 7b 8e ff 7f 00 00
stack at sp + 7 slots: 0x00000173b6b23ab0 points into unknown readable memory: 0x00007fff8e7b70a0 | a0 70 7b 8e ff 7f 00 00


---------------  P R O C E S S  ---------------

Threads class SMR info:
_java_thread_list=0x00000173b6170300, length=20, elements={
0x000001739e15fd60, 0x00000173b5e19040, 0x00000173b5e21bc0, 0x00000173b5e676c0,
0x00000173b5e68170, 0x00000173b5e6a240, 0x00000173b5e75040, 0x00000173b5e790e0,
0x00000173b5e7bae0, 0x00000173b5d9a160, 0x00000173b621b770, 0x00000173b620a500,
0x00000173b620dda0, 0x00000173b6387e00, 0x00000173b608c2f0, 0x00000173b670ea80,
0x00000173b6352860, 0x00000173b6359440, 0x00000173b6926670, 0x00000173b69261a0
}

Java Threads: ( => current thread )
  0x000001739e15fd60 JavaThread "main" [_thread_blocked, id=7952, stack(0x0000004d31800000,0x0000004d31900000)]
  0x00000173b5e19040 JavaThread "Reference Handler" daemon [_thread_blocked, id=1236, stack(0x0000004d31f00000,0x0000004d32000000)]
  0x00000173b5e21bc0 JavaThread "Finalizer" daemon [_thread_blocked, id=7024, stack(0x0000004d32000000,0x0000004d32100000)]
  0x00000173b5e676c0 JavaThread "Signal Dispatcher" daemon [_thread_blocked, id=3016, stack(0x0000004d32100000,0x0000004d32200000)]
  0x00000173b5e68170 JavaThread "Attach Listener" daemon [_thread_blocked, id=4084, stack(0x0000004d32200000,0x0000004d32300000)]
  0x00000173b5e6a240 JavaThread "Service Thread" daemon [_thread_blocked, id=4868, stack(0x0000004d32300000,0x0000004d32400000)]
  0x00000173b5e75040 JavaThread "C2 CompilerThread0" daemon [_thread_blocked, id=5720, stack(0x0000004d32400000,0x0000004d32500000)]
  0x00000173b5e790e0 JavaThread "C1 CompilerThread0" daemon [_thread_blocked, id=4288, stack(0x0000004d32500000,0x0000004d32600000)]
  0x00000173b5e7bae0 JavaThread "Sweeper thread" daemon [_thread_blocked, id=1912, stack(0x0000004d32600000,0x0000004d32700000)]
  0x00000173b5d9a160 JavaThread "Common-Cleaner" daemon [_thread_blocked, id=6160, stack(0x0000004d32700000,0x0000004d32800000)]
  0x00000173b621b770 JavaThread "JDWP Transport Listener: dt_socket" daemon [_thread_blocked, id=1232, stack(0x0000004d32800000,0x0000004d32900000)]
  0x00000173b620a500 JavaThread "JDWP Event Helper Thread" daemon [_thread_blocked, id=6720, stack(0x0000004d32900000,0x0000004d32a00000)]
  0x00000173b620dda0 JavaThread "JDWP Command Reader" daemon [_thread_in_native, id=7192, stack(0x0000004d32a00000,0x0000004d32b00000)]
  0x00000173b6387e00 JavaThread "Notification Thread" daemon [_thread_blocked, id=2140, stack(0x0000004d32b00000,0x0000004d32c00000)]
  0x00000173b608c2f0 JavaThread "Thread-0" [_thread_blocked, id=8940, stack(0x0000004d32d00000,0x0000004d32e00000)]
  0x00000173b670ea80 JavaThread "Thread-1" [_thread_in_native, id=3196, stack(0x0000004d32e00000,0x0000004d32f00000)]
  0x00000173b6352860 JavaThread "Java2D Disposer" daemon [_thread_blocked, id=8588, stack(0x0000004d32f00000,0x0000004d33000000)]
=>0x00000173b6359440 JavaThread "AWT-Windows" daemon [_thread_in_native, id=8644, stack(0x0000004d33100000,0x0000004d33200000)]
  0x00000173b6926670 JavaThread "Image Fetcher 0" daemon [_thread_blocked, id=8188, stack(0x0000004d33000000,0x0000004d33100000)]
  0x00000173b69261a0 JavaThread "AWT-Shutdown" [_thread_blocked, id=8860, stack(0x0000004d33200000,0x0000004d33300000)]

Other Threads:
  0x00000173b5e038c0 VMThread "VM Thread" [stack: 0x0000004d31e00000,0x0000004d31f00000] [id=6724]
  0x000001739e160df0 WatcherThread [stack: 0x0000004d32c00000,0x0000004d32d00000] [id=9024]
  0x000001739e18fff0 GCTaskThread "GC Thread#0" [stack: 0x0000004d31900000,0x0000004d31a00000] [id=3548]
  0x000001739e1991c0 ConcurrentGCThread "G1 Main Marker" [stack: 0x0000004d31a00000,0x0000004d31b00000] [id=8920]
  0x000001739e19b560 ConcurrentGCThread "G1 Conc#0" [stack: 0x0000004d31b00000,0x0000004d31c00000] [id=6980]
  0x000001739e1f0920 ConcurrentGCThread "G1 Refine#0" [stack: 0x0000004d31c00000,0x0000004d31d00000] [id=3052]
  0x000001739e1f2270 ConcurrentGCThread "G1 Young RemSet Sampling" [stack: 0x0000004d31d00000,0x0000004d31e00000] [id=9040]

Threads with active compile tasks:

VM state: not at safepoint (normal execution)

VM Mutex/Monitor currently owned by a thread: None

Heap address: 0x00000000c0800000, size: 1016 MB, Compressed Oops mode: 32-bit
CDS disabled.
Compressed class space mapped at: 0x0000000100000000-0x0000000140000000, size: 1073741824
Narrow klass base: 0x0000000000000000, Narrow klass shift: 3, Narrow klass range: 0x140000000

GC Precious Log:
 CPUs: 4 total, 4 available
 Memory: 4059M
 Large Page Support: Disabled
 NUMA Support: Disabled
 Compressed Oops: Enabled (32-bit)
 Heap Region Size: 1M
 Heap Min Capacity: 8M
 Heap Initial Capacity: 64M
 Heap Max Capacity: 1016M
 Pre-touch: Disabled
 Parallel Workers: 4
 Concurrent Workers: 1
 Concurrent Refinement Workers: 4
 Periodic GC: Disabled

Heap:
 garbage-first heap   total 65536K, used 11264K [0x00000000c0800000, 0x0000000100000000)
  region size 1024K, 12 young (12288K), 0 survivors (0K)
 Metaspace       used 14099K, capacity 14254K, committed 14464K, reserved 1062912K
  class space    used 1328K, capacity 1378K, committed 1408K, reserved 1048576K

Heap Regions: E=young(eden), S=young(survivor), O=old, HS=humongous(starts), HC=humongous(continues), CS=collection set, F=free, OA=open archive, CA=closed archive, TAMS=top-at-mark-start (previous, next)
|   0|0x00000000c0800000, 0x00000000c0800000, 0x00000000c0900000|  0%| F|  |TAMS 0x00000000c0800000, 0x00000000c0800000| Untracked 
|   1|0x00000000c0900000, 0x00000000c0900000, 0x00000000c0a00000|  0%| F|  |TAMS 0x00000000c0900000, 0x00000000c0900000| Untracked 
|   2|0x00000000c0a00000, 0x00000000c0a00000, 0x00000000c0b00000|  0%| F|  |TAMS 0x00000000c0a00000, 0x00000000c0a00000| Untracked 
|   3|0x00000000c0b00000, 0x00000000c0b00000, 0x00000000c0c00000|  0%| F|  |TAMS 0x00000000c0b00000, 0x00000000c0b00000| Untracked 
|   4|0x00000000c0c00000, 0x00000000c0c00000, 0x00000000c0d00000|  0%| F|  |TAMS 0x00000000c0c00000, 0x00000000c0c00000| Untracked 
|   5|0x00000000c0d00000, 0x00000000c0d00000, 0x00000000c0e00000|  0%| F|  |TAMS 0x00000000c0d00000, 0x00000000c0d00000| Untracked 
|   6|0x00000000c0e00000, 0x00000000c0e00000, 0x00000000c0f00000|  0%| F|  |TAMS 0x00000000c0e00000, 0x00000000c0e00000| Untracked 
|   7|0x00000000c0f00000, 0x00000000c0f00000, 0x00000000c1000000|  0%| F|  |TAMS 0x00000000c0f00000, 0x00000000c0f00000| Untracked 
|   8|0x00000000c1000000, 0x00000000c1000000, 0x00000000c1100000|  0%| F|  |TAMS 0x00000000c1000000, 0x00000000c1000000| Untracked 
|   9|0x00000000c1100000, 0x00000000c1100000, 0x00000000c1200000|  0%| F|  |TAMS 0x00000000c1100000, 0x00000000c1100000| Untracked 
|  10|0x00000000c1200000, 0x00000000c1200000, 0x00000000c1300000|  0%| F|  |TAMS 0x00000000c1200000, 0x00000000c1200000| Untracked 
|  11|0x00000000c1300000, 0x00000000c1300000, 0x00000000c1400000|  0%| F|  |TAMS 0x00000000c1300000, 0x00000000c1300000| Untracked 
|  12|0x00000000c1400000, 0x00000000c1400000, 0x00000000c1500000|  0%| F|  |TAMS 0x00000000c1400000, 0x00000000c1400000| Untracked 
|  13|0x00000000c1500000, 0x00000000c1500000, 0x00000000c1600000|  0%| F|  |TAMS 0x00000000c1500000, 0x00000000c1500000| Untracked 
|  14|0x00000000c1600000, 0x00000000c1600000, 0x00000000c1700000|  0%| F|  |TAMS 0x00000000c1600000, 0x00000000c1600000| Untracked 
|  15|0x00000000c1700000, 0x00000000c1700000, 0x00000000c1800000|  0%| F|  |TAMS 0x00000000c1700000, 0x00000000c1700000| Untracked 
|  16|0x00000000c1800000, 0x00000000c1800000, 0x00000000c1900000|  0%| F|  |TAMS 0x00000000c1800000, 0x00000000c1800000| Untracked 
|  17|0x00000000c1900000, 0x00000000c1900000, 0x00000000c1a00000|  0%| F|  |TAMS 0x00000000c1900000, 0x00000000c1900000| Untracked 
|  18|0x00000000c1a00000, 0x00000000c1a00000, 0x00000000c1b00000|  0%| F|  |TAMS 0x00000000c1a00000, 0x00000000c1a00000| Untracked 
|  19|0x00000000c1b00000, 0x00000000c1b00000, 0x00000000c1c00000|  0%| F|  |TAMS 0x00000000c1b00000, 0x00000000c1b00000| Untracked 
|  20|0x00000000c1c00000, 0x00000000c1c00000, 0x00000000c1d00000|  0%| F|  |TAMS 0x00000000c1c00000, 0x00000000c1c00000| Untracked 
|  21|0x00000000c1d00000, 0x00000000c1d00000, 0x00000000c1e00000|  0%| F|  |TAMS 0x00000000c1d00000, 0x00000000c1d00000| Untracked 
|  22|0x00000000c1e00000, 0x00000000c1e00000, 0x00000000c1f00000|  0%| F|  |TAMS 0x00000000c1e00000, 0x00000000c1e00000| Untracked 
|  23|0x00000000c1f00000, 0x00000000c1f00000, 0x00000000c2000000|  0%| F|  |TAMS 0x00000000c1f00000, 0x00000000c1f00000| Untracked 
|  24|0x00000000c2000000, 0x00000000c2000000, 0x00000000c2100000|  0%| F|  |TAMS 0x00000000c2000000, 0x00000000c2000000| Untracked 
|  25|0x00000000c2100000, 0x00000000c2100000, 0x00000000c2200000|  0%| F|  |TAMS 0x00000000c2100000, 0x00000000c2100000| Untracked 
|  26|0x00000000c2200000, 0x00000000c2200000, 0x00000000c2300000|  0%| F|  |TAMS 0x00000000c2200000, 0x00000000c2200000| Untracked 
|  27|0x00000000c2300000, 0x00000000c2300000, 0x00000000c2400000|  0%| F|  |TAMS 0x00000000c2300000, 0x00000000c2300000| Untracked 
|  28|0x00000000c2400000, 0x00000000c2400000, 0x00000000c2500000|  0%| F|  |TAMS 0x00000000c2400000, 0x00000000c2400000| Untracked 
|  29|0x00000000c2500000, 0x00000000c2500000, 0x00000000c2600000|  0%| F|  |TAMS 0x00000000c2500000, 0x00000000c2500000| Untracked 
|  30|0x00000000c2600000, 0x00000000c2600000, 0x00000000c2700000|  0%| F|  |TAMS 0x00000000c2600000, 0x00000000c2600000| Untracked 
|  31|0x00000000c2700000, 0x00000000c2700000, 0x00000000c2800000|  0%| F|  |TAMS 0x00000000c2700000, 0x00000000c2700000| Untracked 
|  32|0x00000000c2800000, 0x00000000c2800000, 0x00000000c2900000|  0%| F|  |TAMS 0x00000000c2800000, 0x00000000c2800000| Untracked 
|  33|0x00000000c2900000, 0x00000000c2900000, 0x00000000c2a00000|  0%| F|  |TAMS 0x00000000c2900000, 0x00000000c2900000| Untracked 
|  34|0x00000000c2a00000, 0x00000000c2a00000, 0x00000000c2b00000|  0%| F|  |TAMS 0x00000000c2a00000, 0x00000000c2a00000| Untracked 
|  35|0x00000000c2b00000, 0x00000000c2b00000, 0x00000000c2c00000|  0%| F|  |TAMS 0x00000000c2b00000, 0x00000000c2b00000| Untracked 
|  36|0x00000000c2c00000, 0x00000000c2c00000, 0x00000000c2d00000|  0%| F|  |TAMS 0x00000000c2c00000, 0x00000000c2c00000| Untracked 
|  37|0x00000000c2d00000, 0x00000000c2d00000, 0x00000000c2e00000|  0%| F|  |TAMS 0x00000000c2d00000, 0x00000000c2d00000| Untracked 
|  38|0x00000000c2e00000, 0x00000000c2e00000, 0x00000000c2f00000|  0%| F|  |TAMS 0x00000000c2e00000, 0x00000000c2e00000| Untracked 
|  39|0x00000000c2f00000, 0x00000000c2f00000, 0x00000000c3000000|  0%| F|  |TAMS 0x00000000c2f00000, 0x00000000c2f00000| Untracked 
|  40|0x00000000c3000000, 0x00000000c3000000, 0x00000000c3100000|  0%| F|  |TAMS 0x00000000c3000000, 0x00000000c3000000| Untracked 
|  41|0x00000000c3100000, 0x00000000c3100000, 0x00000000c3200000|  0%| F|  |TAMS 0x00000000c3100000, 0x00000000c3100000| Untracked 
|  42|0x00000000c3200000, 0x00000000c3200000, 0x00000000c3300000|  0%| F|  |TAMS 0x00000000c3200000, 0x00000000c3200000| Untracked 
|  43|0x00000000c3300000, 0x00000000c3300000, 0x00000000c3400000|  0%| F|  |TAMS 0x00000000c3300000, 0x00000000c3300000| Untracked 
|  44|0x00000000c3400000, 0x00000000c3400000, 0x00000000c3500000|  0%| F|  |TAMS 0x00000000c3400000, 0x00000000c3400000| Untracked 
|  45|0x00000000c3500000, 0x00000000c3500000, 0x00000000c3600000|  0%| F|  |TAMS 0x00000000c3500000, 0x00000000c3500000| Untracked 
|  46|0x00000000c3600000, 0x00000000c3600000, 0x00000000c3700000|  0%| F|  |TAMS 0x00000000c3600000, 0x00000000c3600000| Untracked 
|  47|0x00000000c3700000, 0x00000000c3700000, 0x00000000c3800000|  0%| F|  |TAMS 0x00000000c3700000, 0x00000000c3700000| Untracked 
|  48|0x00000000c3800000, 0x00000000c3800000, 0x00000000c3900000|  0%| F|  |TAMS 0x00000000c3800000, 0x00000000c3800000| Untracked 
|  49|0x00000000c3900000, 0x00000000c3900000, 0x00000000c3a00000|  0%| F|  |TAMS 0x00000000c3900000, 0x00000000c3900000| Untracked 
|  50|0x00000000c3a00000, 0x00000000c3a00000, 0x00000000c3b00000|  0%| F|  |TAMS 0x00000000c3a00000, 0x00000000c3a00000| Untracked 
|  51|0x00000000c3b00000, 0x00000000c3b00000, 0x00000000c3c00000|  0%| F|  |TAMS 0x00000000c3b00000, 0x00000000c3b00000| Untracked 
|  52|0x00000000c3c00000, 0x00000000c3c44878, 0x00000000c3d00000| 26%| E|  |TAMS 0x00000000c3c00000, 0x00000000c3c00000| Complete 
|  53|0x00000000c3d00000, 0x00000000c3e00000, 0x00000000c3e00000|100%| E|CS|TAMS 0x00000000c3d00000, 0x00000000c3d00000| Complete 
|  54|0x00000000c3e00000, 0x00000000c3f00000, 0x00000000c3f00000|100%| E|CS|TAMS 0x00000000c3e00000, 0x00000000c3e00000| Complete 
|  55|0x00000000c3f00000, 0x00000000c4000000, 0x00000000c4000000|100%| E|CS|TAMS 0x00000000c3f00000, 0x00000000c3f00000| Complete 
|  56|0x00000000c4000000, 0x00000000c4100000, 0x00000000c4100000|100%| E|CS|TAMS 0x00000000c4000000, 0x00000000c4000000| Complete 
|  57|0x00000000c4100000, 0x00000000c4200000, 0x00000000c4200000|100%| E|CS|TAMS 0x00000000c4100000, 0x00000000c4100000| Complete 
|  58|0x00000000c4200000, 0x00000000c4300000, 0x00000000c4300000|100%| E|CS|TAMS 0x00000000c4200000, 0x00000000c4200000| Complete 
|  59|0x00000000c4300000, 0x00000000c4400000, 0x00000000c4400000|100%| E|CS|TAMS 0x00000000c4300000, 0x00000000c4300000| Complete 
|  60|0x00000000c4400000, 0x00000000c4500000, 0x00000000c4500000|100%| E|CS|TAMS 0x00000000c4400000, 0x00000000c4400000| Complete 
|  61|0x00000000c4500000, 0x00000000c4600000, 0x00000000c4600000|100%| E|CS|TAMS 0x00000000c4500000, 0x00000000c4500000| Complete 
|  62|0x00000000c4600000, 0x00000000c4700000, 0x00000000c4700000|100%| E|CS|TAMS 0x00000000c4600000, 0x00000000c4600000| Complete 
|  63|0x00000000c4700000, 0x00000000c4800000, 0x00000000c4800000|100%| E|CS|TAMS 0x00000000c4700000, 0x00000000c4700000| Complete 

Card table byte_map: [0x00000173b0d80000,0x00000173b0f80000] _byte_map_base: 0x00000173b077c000

Marking Bits (Prev, Next): (CMBitMap*) 0x000001739e190860, (CMBitMap*) 0x000001739e1908a0
 Prev Bits: [0x00000173b1180000, 0x00000173b2160000)
 Next Bits: [0x00000173b2160000, 0x00000173b3140000)

Polling page: 0x000001739c0b0000

Metaspace:

Usage:
  Non-class:     12.57 MB capacity,    12.47 MB (>99%) used,    90.10 KB ( <1%) free+waste,    15.75 KB ( <1%) overhead. 
      Class:      1.35 MB capacity,     1.30 MB ( 96%) used,    43.59 KB (  3%) free+waste,     5.50 KB ( <1%) overhead. 
       Both:     13.92 MB capacity,    13.77 MB ( 99%) used,   133.70 KB ( <1%) free+waste,    21.25 KB ( <1%) overhead. 

Virtual space:
  Non-class space:       14.00 MB reserved,      12.75 MB ( 91%) committed 
      Class space:        1.00 GB reserved,       1.38 MB ( <1%) committed 
             Both:        1.01 GB reserved,      14.12 MB (  1%) committed 

Chunk freelists:
   Non-Class:  52.00 KB
       Class:  30.00 KB
        Both:  82.00 KB

MaxMetaspaceSize: 17179869184.00 GB
CompressedClassSpaceSize: 1.00 GB

CodeHeap 'non-profiled nmethods': size=120000Kb used=184Kb max_used=184Kb free=119815Kb
 bounds [0x00000173a9650000, 0x00000173a98c0000, 0x00000173b0b80000]
CodeHeap 'profiled nmethods': size=120000Kb used=664Kb max_used=664Kb free=119335Kb
 bounds [0x00000173a2120000, 0x00000173a2390000, 0x00000173a9650000]
CodeHeap 'non-nmethods': size=5760Kb used=1318Kb max_used=1318Kb free=4441Kb
 bounds [0x00000173a1b80000, 0x00000173a1df0000, 0x00000173a2120000]
 total_blobs=1026 nmethods=516 adapters=423
 compilation: enabled
              stopped_count=0, restarted_count=0
 full_count=0

Compilation events (20 events):
Event: 27.975 Thread 0x00000173b5e790e0 nmethod 504 0x00000173a967cf90 code [0x00000173a967d120, 0x00000173a967d1d8]
Event: 27.975 Thread 0x00000173b5e790e0  513       3       jdk.internal.org.objectweb.asm.Frame::push (109 bytes)
Event: 27.975 Thread 0x00000173b5e790e0 nmethod 513 0x00000173a21bb310 code [0x00000173a21bb4e0, 0x00000173a21bba48]
Event: 27.975 Thread 0x00000173b5e790e0  500       3       jdk.internal.org.objectweb.asm.ByteVector::putInt (74 bytes)
Event: 27.975 Thread 0x00000173b5e790e0 nmethod 500 0x00000173a21bbc10 code [0x00000173a21bbdc0, 0x00000173a21bc028]
Event: 27.975 Thread 0x00000173b5e790e0  512       3       java.lang.invoke.LambdaForm::argument (27 bytes)
Event: 27.975 Thread 0x00000173b5e790e0 nmethod 512 0x00000173a21bc190 code [0x00000173a21bc340, 0x00000173a21bc588]
Event: 27.975 Thread 0x00000173b5e790e0  505       1       java.lang.invoke.LambdaForm$BasicType::basicTypeClass (5 bytes)
Event: 27.975 Thread 0x00000173b5e790e0 nmethod 505 0x00000173a967d290 code [0x00000173a967d420, 0x00000173a967d4d8]
Event: 27.975 Thread 0x00000173b5e790e0  514       3       jdk.internal.org.objectweb.asm.Frame::execute (2305 bytes)
Event: 27.978 Thread 0x00000173b5e75040 nmethod 507 0x00000173a967d590 code [0x00000173a967d720, 0x00000173a967dad8]
Event: 27.980 Thread 0x00000173b5e790e0 nmethod 514 0x00000173a21bc710 code [0x00000173a21bd4a0, 0x00000173a21c3978]
Event: 27.980 Thread 0x00000173b5e790e0  503       1       java.lang.invoke.LambdaForm$NamedFunction::intrinsicName (5 bytes)
Event: 27.980 Thread 0x00000173b5e790e0 nmethod 503 0x00000173a967dd10 code [0x00000173a967dea0, 0x00000173a967df58]
Event: 27.980 Thread 0x00000173b5e790e0  499       3       jdk.internal.org.objectweb.asm.SymbolTable::addConstantFieldref (10 bytes)
Event: 27.980 Thread 0x00000173b5e790e0 nmethod 499 0x00000173a21c5710 code [0x00000173a21c58c0, 0x00000173a21c5a28]
Event: 27.980 Thread 0x00000173b5e790e0  515       3       java.lang.String::<init> (74 bytes)
Event: 27.980 Thread 0x00000173b5e790e0 nmethod 515 0x00000173a21c5b10 code [0x00000173a21c5ce0, 0x00000173a21c60b8]
Event: 27.981 Thread 0x00000173b5e790e0  516       1       java.lang.Boolean::booleanValue (5 bytes)
Event: 27.981 Thread 0x00000173b5e790e0 nmethod 516 0x00000173a967e010 code [0x00000173a967e1a0, 0x00000173a967e258]

GC Heap History (0 events):
No events

Deoptimization events (20 events):
Event: 0.407 Thread 0x000001739e15fd60 DEOPT PACKING pc=0x00000173a219702c sp=0x0000004d318fb850
Event: 0.407 Thread 0x000001739e15fd60 DEOPT UNPACKING pc=0x00000173a1bce23f sp=0x0000004d318fad18 mode 0
Event: 0.407 Thread 0x000001739e15fd60 DEOPT PACKING pc=0x00000173a219702c sp=0x0000004d318fb850
Event: 0.407 Thread 0x000001739e15fd60 DEOPT UNPACKING pc=0x00000173a1bce23f sp=0x0000004d318fad18 mode 0
Event: 0.409 Thread 0x000001739e15fd60 DEOPT PACKING pc=0x00000173a2197261 sp=0x0000004d318f7cf0
Event: 0.409 Thread 0x000001739e15fd60 DEOPT UNPACKING pc=0x00000173a1bce23f sp=0x0000004d318f71b8 mode 0
Event: 0.411 Thread 0x000001739e15fd60 DEOPT PACKING pc=0x00000173a2197261 sp=0x0000004d318fb780
Event: 0.411 Thread 0x000001739e15fd60 DEOPT UNPACKING pc=0x00000173a1bce23f sp=0x0000004d318fac48 mode 0
Event: 0.413 Thread 0x000001739e15fd60 DEOPT PACKING pc=0x00000173a2197261 sp=0x0000004d318fb850
Event: 0.413 Thread 0x000001739e15fd60 DEOPT UNPACKING pc=0x00000173a1bce23f sp=0x0000004d318fad18 mode 0
Event: 0.417 Thread 0x000001739e15fd60 DEOPT PACKING pc=0x00000173a2197261 sp=0x0000004d318f7960
Event: 0.417 Thread 0x000001739e15fd60 DEOPT UNPACKING pc=0x00000173a1bce23f sp=0x0000004d318f6e28 mode 0
Event: 0.417 Thread 0x000001739e15fd60 DEOPT PACKING pc=0x00000173a219702c sp=0x0000004d318f7960
Event: 0.417 Thread 0x000001739e15fd60 DEOPT UNPACKING pc=0x00000173a1bce23f sp=0x0000004d318f6e28 mode 0
Event: 0.417 Thread 0x000001739e15fd60 DEOPT PACKING pc=0x00000173a219702c sp=0x0000004d318f7960
Event: 0.417 Thread 0x000001739e15fd60 DEOPT UNPACKING pc=0x00000173a1bce23f sp=0x0000004d318f6e28 mode 0
Event: 0.418 Thread 0x000001739e15fd60 DEOPT PACKING pc=0x00000173a219702c sp=0x0000004d318f7960
Event: 0.418 Thread 0x000001739e15fd60 DEOPT UNPACKING pc=0x00000173a1bce23f sp=0x0000004d318f6e28 mode 0
Event: 0.418 Thread 0x000001739e15fd60 DEOPT PACKING pc=0x00000173a2197261 sp=0x0000004d318f7960
Event: 0.418 Thread 0x000001739e15fd60 DEOPT UNPACKING pc=0x00000173a1bce23f sp=0x0000004d318f6e28 mode 0

Classes unloaded (0 events):
No events

Classes redefined (0 events):
No events

Internal exceptions (14 events):
Event: 0.256 Thread 0x000001739e15fd60 Exception <a 'java/lang/NoSuchMethodError'{0x00000000c451ea90}: 'void java.lang.invoke.DirectMethodHandle$Holder.invokeStatic(java.lang.Object, java.lang.Object)'> (0x00000000c451ea90) 
thrown [./open/src/hotspot/share/interpreter/linkResolver.cpp, line 782]
Event: 0.257 Thread 0x000001739e15fd60 Exception <a 'java/lang/NoSuchMethodError'{0x00000000c4522738}: 'void java.lang.invoke.DirectMethodHandle$Holder.invokeStaticInit(java.lang.Object, java.lang.Object)'> (0x00000000c4522738) 
thrown [./open/src/hotspot/share/interpreter/linkResolver.cpp, line 782]
Event: 0.374 Thread 0x000001739e15fd60 Exception <a 'java/lang/NoSuchMethodError'{0x00000000c4303d90}: 'java.lang.Object java.lang.invoke.DirectMethodHandle$Holder.invokeStatic(java.lang.Object)'> (0x00000000c4303d90) 
thrown [./open/src/hotspot/share/interpreter/linkResolver.cpp, line 782]
Event: 24.708 Thread 0x00000173b670ea80 Exception <a 'java/lang/NoSuchMethodError'{0x00000000c42567d8}: 'void java.lang.invoke.DirectMethodHandle$Holder.invokeSpecial(java.lang.Object, java.lang.Object, java.lang.Object)'> (0x00000000c42567d8) 
thrown [./open/src/hotspot/share/interpreter/linkResolver.cpp, line 782]
Event: 25.006 Thread 0x00000173b670ea80 Exception <a 'java/lang/ClassNotFoundException'{0x00000000c4295b20}: sun/awt/resources/spi/awtProvider> (0x00000000c4295b20) 
thrown [./open/src/hotspot/share/classfile/systemDictionary.cpp, line 295]
Event: 25.758 Thread 0x00000173b670ea80 Exception <a 'java/io/FileNotFoundException'{0x00000000c42f3b08}> (0x00000000c42f3b08) 
thrown [./open/src/hotspot/share/prims/jni.cpp, line 578]
Event: 26.264 Thread 0x00000173b670ea80 Exception <a 'java/io/FileNotFoundException'{0x00000000c4124968}> (0x00000000c4124968) 
thrown [./open/src/hotspot/share/prims/jni.cpp, line 578]
Event: 26.572 Thread 0x00000173b670ea80 Exception <a 'java/lang/NoSuchMethodError'{0x00000000c4037358}: 'java.lang.Object java.lang.invoke.DirectMethodHandle$Holder.invokeStaticInit(java.lang.Object)'> (0x00000000c4037358) 
thrown [./open/src/hotspot/share/interpreter/linkResolver.cpp, line 782]
Event: 26.895 Thread 0x00000173b670ea80 Exception <a 'java/lang/NoSuchMethodError'{0x00000000c3f384a8}: 'java.lang.Object java.lang.invoke.DirectMethodHandle$Holder.newInvokeSpecial(java.lang.Object, java.lang.Object, java.lang.Object, java.lang.Object, java.lang.Object)'> (0x00000000c3f384a8) 
thrown [./open/src/hotspot/share/interpreter/linkResolver.cpp, line 782]
Event: 26.957 Thread 0x00000173b670ea80 Exception <a 'java/lang/NoSuchMethodError'{0x00000000c3f43f38}: 'java.lang.Object java.lang.invoke.DirectMethodHandle$Holder.invokeStatic(java.lang.Object, int, java.lang.Object, java.lang.Object, java.lang.Object, java.lang.Object)'> (0x00000000c3f43f38) 
thrown [./open/src/hotspot/share/interpreter/linkResolver.cpp, line 782]
Event: 27.115 Thread 0x00000173b670ea80 Exception <a 'java/lang/NoSuchMethodError'{0x00000000c3f6aa70}: 'java.lang.Object java.lang.invoke.DirectMethodHandle$Holder.invokeStatic(java.lang.Object, int, java.lang.Object)'> (0x00000000c3f6aa70) 
thrown [./open/src/hotspot/share/interpreter/linkResolver.cpp, line 782]
Event: 27.865 Thread 0x00000173b670ea80 Exception <a 'java/lang/ClassNotFoundException'{0x00000000c3e975e8}: com/sun/swing/internal/plaf/metal/resources/spi/metalProvider> (0x00000000c3e975e8) 
thrown [./open/src/hotspot/share/classfile/systemDictionary.cpp, line 295]
Event: 27.884 Thread 0x00000173b670ea80 Exception <a 'java/lang/ClassNotFoundException'{0x00000000c3e9de70}: com/sun/swing/internal/plaf/basic/resources/spi/basicProvider> (0x00000000c3e9de70) 
thrown [./open/src/hotspot/share/classfile/systemDictionary.cpp, line 295]
Event: 27.972 Thread 0x00000173b6926670 Exception <a 'java/lang/NoSuchMethodError'{0x00000000c3d157d8}: 'java.lang.Object java.lang.invoke.DirectMethodHandle$Holder.newInvokeSpecial(java.lang.Object, java.lang.Object, java.lang.Object, int, int, int, int, int)'> (0x00000000c3d157d8) 
thrown [./open/src/hotspot/share/interpreter/linkResolver.cpp, line 782]

Events (20 events):
Event: 28.360 loading class sun/awt/Win32FontManager$2 done
Event: 28.360 loading class java/awt/GraphicsDevice
Event: 28.361 loading class java/awt/GraphicsDevice done
Event: 28.361 loading class sun/java2d/d3d/D3DGraphicsDevice
Event: 28.361 loading class sun/awt/Win32GraphicsDevice
Event: 28.361 loading class sun/awt/Win32GraphicsDevice done
Event: 28.361 loading class sun/java2d/d3d/D3DGraphicsDevice done
Event: 28.363 Thread 0x00000173b69261a0 Thread added: 0x00000173b69261a0
Event: 28.375 loading class sun/java2d/d3d/D3DRenderQueue
Event: 28.375 loading class sun/java2d/pipe/RenderQueue
Event: 28.375 loading class sun/java2d/pipe/RenderQueue done
Event: 28.375 loading class sun/java2d/d3d/D3DRenderQueue done
Event: 28.375 loading class sun/java2d/pipe/RenderBuffer
Event: 28.375 loading class sun/java2d/pipe/RenderBuffer done
Event: 28.375 loading class sun/java2d/d3d/D3DRenderQueue$1
Event: 28.375 loading class sun/java2d/d3d/D3DRenderQueue$1 done
Event: 28.376 loading class sun/java2d/d3d/D3DGraphicsDevice$1Result
Event: 28.376 loading class sun/java2d/d3d/D3DGraphicsDevice$1Result done
Event: 28.376 loading class sun/java2d/d3d/D3DGraphicsDevice$1
Event: 28.376 loading class sun/java2d/d3d/D3DGraphicsDevice$1 done


Dynamic libraries:
0x00007ff6c7a40000 - 0x00007ff6c7a4d000 	C:\Users\fillt\eclipse\plugins\org.eclipse.justj.openjdk.hotspot.jre.full.win32.x86_64_15.0.1.v20201027-0507\jre\bin\javaw.exe
0x00007fffe0930000 - 0x00007fffe0b28000 	C:\Windows\SYSTEM32\ntdll.dll
0x00007fffdeca0000 - 0x00007fffded5d000 	C:\Windows\System32\KERNEL32.DLL
0x00007fffde6b0000 - 0x00007fffde982000 	C:\Windows\System32\KERNELBASE.dll
0x00007fffde150000 - 0x00007fffde250000 	C:\Windows\System32\ucrtbase.dll
0x00007fffd97b0000 - 0x00007fffd97c8000 	C:\Users\fillt\eclipse\plugins\org.eclipse.justj.openjdk.hotspot.jre.full.win32.x86_64_15.0.1.v20201027-0507\jre\bin\jli.dll
0x00007fffce430000 - 0x00007fffce449000 	C:\Users\fillt\eclipse\plugins\org.eclipse.justj.openjdk.hotspot.jre.full.win32.x86_64_15.0.1.v20201027-0507\jre\bin\VCRUNTIME140.dll
0x00007fffdfe00000 - 0x00007fffdff9d000 	C:\Windows\System32\USER32.dll
0x00007fffde590000 - 0x00007fffde5b2000 	C:\Windows\System32\win32u.dll
0x00007fffd0f50000 - 0x00007fffd11ea000 	C:\Windows\WinSxS\amd64_microsoft.windows.common-controls_6595b64144ccf1df_6.0.19041.1110_none_60b5254171f9507e\COMCTL32.dll
0x00007fffdf440000 - 0x00007fffdf46b000 	C:\Windows\System32\GDI32.dll
0x00007fffded60000 - 0x00007fffdedfe000 	C:\Windows\System32\msvcrt.dll
0x00007fffde040000 - 0x00007fffde14f000 	C:\Windows\System32\gdi32full.dll
0x00007fffde5c0000 - 0x00007fffde65d000 	C:\Windows\System32\msvcp_win.dll
0x00007fffe0340000 - 0x00007fffe0370000 	C:\Windows\System32\IMM32.DLL
0x00007fffd9790000 - 0x00007fffd979c000 	C:\Users\fillt\eclipse\plugins\org.eclipse.justj.openjdk.hotspot.jre.full.win32.x86_64_15.0.1.v20201027-0507\jre\bin\vcruntime140_1.dll
0x00007fffc7610000 - 0x00007fffc76a1000 	C:\Users\fillt\eclipse\plugins\org.eclipse.justj.openjdk.hotspot.jre.full.win32.x86_64_15.0.1.v20201027-0507\jre\bin\msvcp140.dll
0x00007fff90340000 - 0x00007fff90e9e000 	C:\Users\fillt\eclipse\plugins\org.eclipse.justj.openjdk.hotspot.jre.full.win32.x86_64_15.0.1.v20201027-0507\jre\bin\server\jvm.dll
0x00007fffdf260000 - 0x00007fffdf30e000 	C:\Windows\System32\ADVAPI32.dll
0x00007fffdfcf0000 - 0x00007fffdfd8c000 	C:\Windows\System32\sechost.dll
0x00007fffdf310000 - 0x00007fffdf435000 	C:\Windows\System32\RPCRT4.dll
0x00007fffdeee0000 - 0x00007fffdeee8000 	C:\Windows\System32\PSAPI.DLL
0x00007fffcd940000 - 0x00007fffcd949000 	C:\Windows\SYSTEM32\WSOCK32.dll
0x00007fffe0880000 - 0x00007fffe08eb000 	C:\Windows\System32\WS2_32.dll
0x00007fffd1b30000 - 0x00007fffd1b57000 	C:\Windows\SYSTEM32\WINMM.dll
0x00007fffd4c80000 - 0x00007fffd4c8a000 	C:\Windows\SYSTEM32\VERSION.dll
0x00007fffdc8e0000 - 0x00007fffdc8f2000 	C:\Windows\SYSTEM32\kernel.appcore.dll
0x00007fffd6f50000 - 0x00007fffd6f5a000 	C:\Users\fillt\eclipse\plugins\org.eclipse.justj.openjdk.hotspot.jre.full.win32.x86_64_15.0.1.v20201027-0507\jre\bin\jimage.dll
0x00007fffdc6a0000 - 0x00007fffdc884000 	C:\Windows\SYSTEM32\DBGHELP.DLL
0x00007fffd1b00000 - 0x00007fffd1b2c000 	C:\Windows\SYSTEM32\dbgcore.DLL
0x00007fffde250000 - 0x00007fffde2d2000 	C:\Windows\System32\bcryptPrimitives.dll
0x00007fffce3f0000 - 0x00007fffce429000 	C:\Users\fillt\eclipse\plugins\org.eclipse.justj.openjdk.hotspot.jre.full.win32.x86_64_15.0.1.v20201027-0507\jre\bin\jdwp.dll
0x00007fffcf3d0000 - 0x00007fffcf3de000 	C:\Users\fillt\eclipse\plugins\org.eclipse.justj.openjdk.hotspot.jre.full.win32.x86_64_15.0.1.v20201027-0507\jre\bin\instrument.dll
0x00007fffc86b0000 - 0x00007fffc86d5000 	C:\Users\fillt\eclipse\plugins\org.eclipse.justj.openjdk.hotspot.jre.full.win32.x86_64_15.0.1.v20201027-0507\jre\bin\java.dll
0x00007fffceed0000 - 0x00007fffceee8000 	C:\Users\fillt\eclipse\plugins\org.eclipse.justj.openjdk.hotspot.jre.full.win32.x86_64_15.0.1.v20201027-0507\jre\bin\zip.dll
0x00007fffdf470000 - 0x00007fffdfbb3000 	C:\Windows\System32\SHELL32.dll
0x00007fffdbef0000 - 0x00007fffdc681000 	C:\Windows\SYSTEM32\windows.storage.dll
0x00007fffdef00000 - 0x00007fffdf254000 	C:\Windows\System32\combase.dll
0x00007fffdd9c0000 - 0x00007fffdd9f0000 	C:\Windows\SYSTEM32\Wldp.dll
0x00007fffde990000 - 0x00007fffdea3d000 	C:\Windows\System32\SHCORE.dll
0x00007fffe0150000 - 0x00007fffe01a5000 	C:\Windows\System32\shlwapi.dll
0x00007fffddf80000 - 0x00007fffddf9f000 	C:\Windows\SYSTEM32\profapi.dll
0x00007fffce3e0000 - 0x00007fffce3eb000 	C:\Users\fillt\eclipse\plugins\org.eclipse.justj.openjdk.hotspot.jre.full.win32.x86_64_15.0.1.v20201027-0507\jre\bin\dt_socket.dll
0x00007fffdd410000 - 0x00007fffdd44b000 	C:\Windows\SYSTEM32\IPHLPAPI.DLL
0x00007fffdd720000 - 0x00007fffdd78a000 	C:\Windows\system32\mswsock.dll
0x00007fffdd450000 - 0x00007fffdd51a000 	C:\Windows\SYSTEM32\DNSAPI.dll
0x00007fffdeef0000 - 0x00007fffdeef8000 	C:\Windows\System32\NSI.dll
0x00007fffd7db0000 - 0x00007fffd7dba000 	C:\Windows\System32\rasadhlp.dll
0x00007fffd7e90000 - 0x00007fffd7f10000 	C:\Windows\System32\fwpuclnt.dll
0x00007fffde4b0000 - 0x00007fffde4d7000 	C:\Windows\System32\bcrypt.dll
0x00007fffce340000 - 0x00007fffce359000 	C:\Users\fillt\eclipse\plugins\org.eclipse.justj.openjdk.hotspot.jre.full.win32.x86_64_15.0.1.v20201027-0507\jre\bin\net.dll
0x00007fffd7b50000 - 0x00007fffd7c5d000 	C:\Windows\SYSTEM32\WINHTTP.dll
0x00007fffcda50000 - 0x00007fffcda62000 	C:\Users\fillt\eclipse\plugins\org.eclipse.justj.openjdk.hotspot.jre.full.win32.x86_64_15.0.1.v20201027-0507\jre\bin\nio.dll
0x00007fffcf450000 - 0x00007fffcf460000 	C:\Users\fillt\eclipse\plugins\org.eclipse.justj.openjdk.hotspot.jre.full.win32.x86_64_15.0.1.v20201027-0507\jre\bin\verify.dll
0x00007fffc5020000 - 0x00007fffc519f000 	C:\Users\fillt\eclipse\plugins\org.eclipse.justj.openjdk.hotspot.jre.full.win32.x86_64_15.0.1.v20201027-0507\jre\bin\awt.dll
0x00007fffe0270000 - 0x00007fffe033d000 	C:\Windows\System32\OLEAUT32.dll
0x00007fffdb630000 - 0x00007fffdb6c1000 	C:\Windows\SYSTEM32\apphelp.dll
0x00007fffdb770000 - 0x00007fffdb80e000 	C:\Windows\system32\uxtheme.dll
0x00007fffdeb80000 - 0x00007fffdec95000 	C:\Windows\System32\MSCTF.dll
0x00007fffdfbc0000 - 0x00007fffdfcea000 	C:\Windows\System32\ole32.dll
0x00007fffdb960000 - 0x00007fffdb98f000 	C:\Windows\system32\DWMAPI.DLL
0x00007fffc68e0000 - 0x00007fffc6965000 	C:\Users\fillt\eclipse\plugins\org.eclipse.justj.openjdk.hotspot.jre.full.win32.x86_64_15.0.1.v20201027-0507\jre\bin\freetype.dll
0x00007fffc6830000 - 0x00007fffc68d9000 	C:\Users\fillt\eclipse\plugins\org.eclipse.justj.openjdk.hotspot.jre.full.win32.x86_64_15.0.1.v20201027-0507\jre\bin\fontmanager.dll
0x00007fffc4a70000 - 0x00007fffc4b97000 	C:\Windows\system32\opengl32.dll
0x00007fffce3b0000 - 0x00007fffce3dc000 	C:\Windows\SYSTEM32\GLU32.dll
0x00007fffb0a30000 - 0x00007fffb0bff000 	C:\Windows\system32\d3d9.dll
0x00007fff8dc00000 - 0x00007fff8ecb6000 	C:\Windows\SYSTEM32\nvd3dumx.dll

dbghelp: loaded successfully - version: 4.0.5 - missing functions: none
symbol engine: initialized successfully - sym options: 0x614 - pdb path: .;C:\Users\fillt\eclipse\plugins\org.eclipse.justj.openjdk.hotspot.jre.full.win32.x86_64_15.0.1.v20201027-0507\jre\bin;C:\Windows\SYSTEM32;C:\Windows\WinSxS\amd64_microsoft.windows.common-controls_6595b64144ccf1df_6.0.19041.1110_none_60b5254171f9507e;C:\Users\fillt\eclipse\plugins\org.eclipse.justj.openjdk.hotspot.jre.full.win32.x86_64_15.0.1.v20201027-0507\jre\bin\server

VM Arguments:
jvm_args: -XX:+ShowCodeDetailsInExceptionMessages -agentlib:jdwp=transport=dt_socket,suspend=y,address=localhost:56782 -javaagent:C:\Users\fillt\eclipse\configuration\org.eclipse.osgi\405\0\.cp\lib\javaagent-shaded.jar -Dfile.encoding=Cp1252 
java_command: aula12.Main
java_class_path (initial): C:\Users\fillt\Documents\JAVA-courses\java\aula12\tp\target\classes
Launcher Type: SUN_STANDARD

[Global flags]
     intx CICompilerCount                          = 3                                         {product} {ergonomic}
     uint ConcGCThreads                            = 1                                         {product} {ergonomic}
     uint G1ConcRefinementThreads                  = 4                                         {product} {ergonomic}
   size_t G1HeapRegionSize                         = 1048576                                   {product} {ergonomic}
    uintx GCDrainStackTargetSize                   = 64                                        {product} {ergonomic}
   size_t InitialHeapSize                          = 67108864                                  {product} {ergonomic}
   size_t MarkStackSize                            = 4194304                                   {product} {ergonomic}
   size_t MaxHeapSize                              = 1065353216                                {product} {ergonomic}
   size_t MaxNewSize                               = 638582784                                 {product} {ergonomic}
   size_t MinHeapDeltaBytes                        = 1048576                                   {product} {ergonomic}
   size_t MinHeapSize                              = 8388608                                   {product} {ergonomic}
    uintx NonNMethodCodeHeapSize                   = 5832780                                {pd product} {ergonomic}
    uintx NonProfiledCodeHeapSize                  = 122912730                              {pd product} {ergonomic}
    uintx ProfiledCodeHeapSize                     = 122912730                              {pd product} {ergonomic}
    uintx ReservedCodeCacheSize                    = 251658240                              {pd product} {ergonomic}
     bool SegmentedCodeCache                       = true                                      {product} {ergonomic}
     bool ShowCodeDetailsInExceptionMessages       = true                                   {manageable} {command line}
   size_t SoftMaxHeapSize                          = 1065353216                             {manageable} {ergonomic}
     bool UseCompressedClassPointers               = true                                 {lp64_product} {ergonomic}
     bool UseCompressedOops                        = true                                 {lp64_product} {ergonomic}
     bool UseG1GC                                  = true                                      {product} {ergonomic}
     bool UseLargePagesIndividualAllocation        = false                                  {pd product} {ergonomic}

Logging:
Log output configuration:
 #0: stdout all=warning uptime,level,tags
 #1: stderr all=off uptime,level,tags

Environment Variables:
PATH=C:\Users\fillt\eclipse\plugins\org.eclipse.justj.openjdk.hotspot.jre.full.win32.x86_64_15.0.1.v20201027-0507\jre\bin;C:/Users/fillt/eclipse//plugins/org.eclipse.justj.openjdk.hotspot.jre.full.win32.x86_64_15.0.1.v20201027-0507/jre/bin/server;C:/Users/fillt/eclipse//plugins/org.eclipse.justj.openjdk.hotspot.jre.full.win32.x86_64_15.0.1.v20201027-0507/jre/bin;C:\Program Files\Common Files\Oracle\Java\javapath;C:\Program Files\AdoptOpenJDK\jdk-11.0.10.9-hotspot\bin;C:\Program Files (x86)\Common Files\Oracle\Java\javapath;C:\Program Files (x86)\NVIDIA Corporation\PhysX\Common;C:\Windows\system32;C:\Windows;C:\Windows\System32\Wbem;C:\Windows\System32\WindowsPowerShell\v1.0\;C:\Windows\System32\OpenSSH\;C:\Program Files\Git\cmd;C:\ProgramData\chocolatey\bin;C:\sqlite3;;C:\Program Files\NVIDIA Corporation\NVIDIA NvDLISR;C:\Program Files\nodejs\;C:\Users\fillt\AppData\Local\Microsoft\WindowsApps;;C:\Users\fillt\AppData\Local\Programs\Microsoft VS Code\bin;C:\Program Files\JetBrains\IntelliJ IDEA Community Edition 2021.3.2\bin;;C:\Users\fillt\AppData\Roaming\npm;C:\Users\fillt\eclipse;
USERNAME=fillt
OS=Windows_NT
PROCESSOR_IDENTIFIER=Intel64 Family 6 Model 58 Stepping 9, GenuineIntel



---------------  S Y S T E M  ---------------

OS:
 Windows 10 , 64 bit Build 19041 (10.0.19041.1889)
OS uptime: 0 days 1:35 hours

CPU: total 4 (initial active 4) (4 cores per cpu, 1 threads per core) family 6 model 58 stepping 9 microcode 0x21, cmov, cx8, fxsr, mmx, sse, sse2, sse3, ssse3, sse4.1, sse4.2, popcnt, vzeroupper, avx, aes, clmul, erms, tsc, tscinvbit, tscinv, clflush

Memory: 4k page, system-wide physical 4059M (752M free)
TotalPageFile size 6491M (AvailPageFile size 2265M)
current process WorkingSet (physical memory assigned to process): 66M, peak: 66M
current process commit charge ("private bytes"): 149M, peak: 149M

vm_info: OpenJDK 64-Bit Server VM (15.0.1+9-18) for windows-amd64 JRE (15.0.1+9-18), built on Sep 15 2020 14:39:31 by "mach5one" with unknown MS VC++:1925

END.
