#
# A fatal error has been detected by the Java Runtime Environment:
#
#  EXCEPTION_ILLEGAL_INSTRUCTION (0xc000001d) at pc=0x00007ffc2432941a, pid=7828, tid=7560
#
# JRE version: OpenJDK Runtime Environment (15.0.1+9) (build 15.0.1+9-18)
# Java VM: OpenJDK 64-Bit Server VM (15.0.1+9-18, mixed mode, tiered, compressed oops, g1 gc, windows-amd64)
# Problematic frame:
# C  [nvd3dumx.dll+0x82941a]
#
# No core dump will be written. Minidumps are not enabled by default on client versions of Windows
#
# If you would like to submit a bug report, please visit:
#   https://bugreport.java.com/bugreport/crash.jsp
# The crash happened outside the Java Virtual Machine in native code.
# See problematic frame for where to report the bug.
#

---------------  S U M M A R Y ------------

Command Line: -Dfile.encoding=Cp1252 -XX:+ShowCodeDetailsInExceptionMessages exercicio04.Main

Host: Intel(R) Core(TM) i5-3470 CPU @ 3.20GHz, 4 cores, 3G,  Windows 10 , 64 bit Build 19041 (10.0.19041.2251)
Time: Sun Nov 13 14:11:15 2022 E. South America Standard Time elapsed time: 0.644119 seconds (0d 0h 0m 0s)

---------------  T H R E A D  ---------------

Current thread (0x000001badae85330):  JavaThread "AWT-Windows" daemon [_thread_in_native, id=7560, stack(0x000000b3ca100000,0x000000b3ca200000)]

Stack: [0x000000b3ca100000,0x000000b3ca200000],  sp=0x000000b3ca1fb960,  free space=1006k
Native frames: (J=compiled Java code, j=interpreted, Vv=VM code, C=native code)
C  [nvd3dumx.dll+0x82941a]

Java frames: (J=compiled Java code, j=interpreted, Vv=VM code)
j  sun.java2d.d3d.D3DGraphicsDevice.getDeviceCapsNative(I)I+0 java.desktop@15.0.1
j  sun.java2d.d3d.D3DGraphicsDevice$1.run()V+8 java.desktop@15.0.1
v  ~StubRoutines::call_stub
j  sun.awt.windows.WToolkit.eventLoop()V+0 java.desktop@15.0.1
j  sun.awt.windows.WToolkit.run()V+50 java.desktop@15.0.1
j  java.lang.Thread.run()V+11 java.base@15.0.1
v  ~StubRoutines::call_stub

siginfo: EXCEPTION_ILLEGAL_INSTRUCTION (0xc000001d)


Register to memory mapping:

RIP=0x00007ffc2432941a nvd3dumx.dll
RAX=0x00007ffc246b8470 nvd3dumx.dll
RBX=0x000001badaf8c740 points into unknown readable memory: 0x00007ffc246b8430 | 30 84 6b 24 fc 7f 00 00
RCX=0x000001badaf8c740 points into unknown readable memory: 0x00007ffc246b8430 | 30 84 6b 24 fc 7f 00 00
RDX=0x000001badaf89000 points into unknown readable memory: 0x0000000000000000 | 00 00 00 00 00 00 00 00
RSP=0x000000b3ca1fb960 is pointing into the stack for thread: 0x000001badae85330
RBP=0x00007ffc242b07b9 nvd3dumx.dll
RSI=0x000001badaf8c340 points into unknown readable memory: 0x00007ffc246ba348 | 48 a3 6b 24 fc 7f 00 00
RDI=0x000001badaf8c350 points into unknown readable memory: 0x000001badae5ce90 | 90 ce e5 da ba 01 00 00
R8 =0x000001badaefe4e0 points into unknown readable memory: 0x80857a2800000004 | 04 00 00 00 28 7a 85 80
R9 =0x0 is NULL
R10=0x0 is NULL
R11=0x000001badaf8c678 points into unknown readable memory: 0x0000000000000000 | 00 00 00 00 00 00 00 00
R12=0x000001badaf80098 points into unknown readable memory: 0x00007ffc3a623df0 | f0 3d 62 3a fc 7f 00 00
R13=0x000001badaf778f0 points into unknown readable memory: 0x0000300400000902 | 02 09 00 00 04 30 00 00
R14=0x000001badb01ef10 points into unknown readable memory: 0x000001badb01e810 | 10 e8 01 db ba 01 00 00
R15=0x000001badaf942b8 points into unknown readable memory: 0x0000000000000001 | 01 00 00 00 00 00 00 00


Registers:
RAX=0x00007ffc246b8470, RBX=0x000001badaf8c740, RCX=0x000001badaf8c740, RDX=0x000001badaf89000
RSP=0x000000b3ca1fb960, RBP=0x00007ffc242b07b9, RSI=0x000001badaf8c340, RDI=0x000001badaf8c350
R8 =0x000001badaefe4e0, R9 =0x0000000000000000, R10=0x0000000000000000, R11=0x000001badaf8c678
R12=0x000001badaf80098, R13=0x000001badaf778f0, R14=0x000001badb01ef10, R15=0x000001badaf942b8
RIP=0x00007ffc2432941a, EFLAGS=0x0000000000010202

Top of Stack: (sp=0x000000b3ca1fb960)
0x000000b3ca1fb960:   000001badaf8d680 000001badaf8c340
0x000000b3ca1fb970:   000001badaf8c350 000001badb01d190
0x000000b3ca1fb980:   0000000000000009 00007ffc242acf6d
0x000000b3ca1fb990:   000001badaf8c340 000001badaff7d00
0x000000b3ca1fb9a0:   0000000000000000 0000000000000000
0x000000b3ca1fb9b0:   0000000000000000 00007ffc24379eea
0x000000b3ca1fb9c0:   000001badaf89000 000001badaff7d00
0x000000b3ca1fb9d0:   000001badaf8c340 000001bada9a84b8
0x000000b3ca1fb9e0:   000001badaf942b8 000001badaf942c0
0x000000b3ca1fb9f0:   000001badaf942c8 00007ffc243780d6
0x000000b3ca1fba00:   000000b3ca1fbc10 000001badaf7f000
0x000000b3ca1fba10:   0000000000000000 0000000000000000
0x000000b3ca1fba20:   000001badaf7f000 00007ffc2437b657
0x000000b3ca1fba30:   000001badaf89000 000001badaf778f0
0x000000b3ca1fba40:   000001badaf75f00 000001badaf80098
0x000000b3ca1fba50:   000001badaf778f0 00007ffc2436f0cf 

Instructions: (pc=0x00007ffc2432941a)
0x00007ffc2432931a:   e6 86 51 11 e3 c7 6c ae d4 51 6b a0 61 f1 61 31
0x00007ffc2432932a:   73 c3 1f bc e5 63 61 f8 f2 83 6b 10 48 44 b1 9e
0x00007ffc2432933a:   9e e5 a9 4d a2 97 62 d9 93 1e 96 f2 e9 79 58 03
0x00007ffc2432934a:   3a 7d 7f 62 24 a6 5c b3 fa 81 8a a3 9f 7e fa ee
0x00007ffc2432935a:   37 27 fe e3 bf 13 83 7d 34 b1 0f 34 66 a0 65 e4
0x00007ffc2432936a:   49 6d f8 52 72 a2 19 33 12 9c bd 0e b9 fd 8b 0f
0x00007ffc2432937a:   94 32 45 92 79 d9 12 0e 57 f8 c5 be 87 9f cc 06
0x00007ffc2432938a:   60 f6 35 c8 ed 35 41 44 3b 68 55 0a 61 fb 2a 8a
0x00007ffc2432939a:   b2 ee 43 5c bf 1b a3 fb b6 f2 cf bf a1 17 f7 d7
0x00007ffc243293aa:   05 b1 11 5e 6f d2 5f b2 0c 55 bd 85 29 78 b7 1e
0x00007ffc243293ba:   45 4d a6 92 8a ee 13 25 77 ce 20 99 96 04 03 8c
0x00007ffc243293ca:   67 8e 75 64 33 a0 a3 d5 f0 8a a9 0c c0 2a 85 aa
0x00007ffc243293da:   59 68 8c d7 61 b0 49 55 bf d6 a6 e0 19 46 70 ca
0x00007ffc243293ea:   2e f0 f3 55 51 52 1d fe 0d 57 2f ab cf ac b9 b8
0x00007ffc243293fa:   d4 04 0b bc e2 c9 d4 d0 f1 f5 00 1b cd 5f 89 9e
0x00007ffc2432940a:   3a 0a 8b 49 57 1d 67 5d 12 c3 f7 01 66 33 19 da
0x00007ffc2432941a:   d5 7d 57 b9 02 0a 9f 98 f0 6c 48 c0 b2 cf 26 b4
0x00007ffc2432942a:   17 f0 de fe d6 a8 bc f0 88 23 33 87 9f 94 e5 97
0x00007ffc2432943a:   2f c7 d5 df ad 34 4b 9a 70 67 9c e3 9f 3d e0 cf
0x00007ffc2432944a:   70 93 58 99 37 de 16 5a b7 3d 6f ff ae 00 9d 84
0x00007ffc2432945a:   e1 69 e1 53 7a 58 aa 43 b8 91 a2 48 c2 b0 b5 b8
0x00007ffc2432946a:   3f 8a 8e 32 45 d9 69 0a ec e2 07 30 da a7 70 a4
0x00007ffc2432947a:   9c 66 c0 3b 49 73 3d 11 91 a7 40 8f d1 bb 2e b4
0x00007ffc2432948a:   f4 c6 08 bb 5d 52 ba 19 e3 f0 6c 5c 50 54 44 e8
0x00007ffc2432949a:   7b d6 51 f5 e5 b7 80 fc 74 81 71 6a 19 55 14 2e
0x00007ffc243294aa:   a7 b0 da 82 d5 bc 06 43 d8 eb f9 84 a9 07 8b 4e
0x00007ffc243294ba:   d5 48 1c 7b 59 e7 92 41 48 94 e9 ad 69 ac 1c 42
0x00007ffc243294ca:   43 8e d1 75 79 6c c4 1b 9f ef 0c 0c 96 1b 80 e0
0x00007ffc243294da:   cd 32 05 3e a5 ac cf 68 03 7d ff d1 4a 6f 60 8f
0x00007ffc243294ea:   75 bd 7b 36 19 0e 3b 00 79 64 98 6a d8 45 37 d4
0x00007ffc243294fa:   a8 2b 20 13 74 23 db ca 31 51 61 30 d3 dd 0a 59
0x00007ffc2432950a:   fc 19 6d 58 60 33 a4 ba 95 d8 07 e0 bf 99 5d be 


Stack slot to memory mapping:
stack at sp + 0 slots: 0x000001badaf8d680 points into unknown readable memory: 0x00007ffc246b6a20 | 20 6a 6b 24 fc 7f 00 00
stack at sp + 1 slots: 0x000001badaf8c340 points into unknown readable memory: 0x00007ffc246ba348 | 48 a3 6b 24 fc 7f 00 00
stack at sp + 2 slots: 0x000001badaf8c350 points into unknown readable memory: 0x000001badae5ce90 | 90 ce e5 da ba 01 00 00
stack at sp + 3 slots: 0x000001badb01d190 points into unknown readable memory: 0x0000000100000000 | 00 00 00 00 01 00 00 00
stack at sp + 4 slots: 0x0000000000000009 is an unknown value
stack at sp + 5 slots: 0x00007ffc242acf6d nvd3dumx.dll
stack at sp + 6 slots: 0x000001badaf8c340 points into unknown readable memory: 0x00007ffc246ba348 | 48 a3 6b 24 fc 7f 00 00
stack at sp + 7 slots: 0x000001badaff7d00 points into unknown readable memory: 0x00007ffc246b70a0 | a0 70 6b 24 fc 7f 00 00


---------------  P R O C E S S  ---------------

Threads class SMR info:
_java_thread_list=0x000001bada7382d0, length=15, elements={
0x000001bac2a30ce0, 0x000001bada709010, 0x000001bada70bad0, 0x000001bada72aea0,
0x000001bada72d870, 0x000001bada72e320, 0x000001bada737630, 0x000001bada742140,
0x000001bada744b40, 0x000001bada9e2c50, 0x000001bada9da710, 0x000001badae5deb0,
0x000001badae60810, 0x000001badae85330, 0x000001badaef34f0
}

Java Threads: ( => current thread )
  0x000001bac2a30ce0 JavaThread "main" [_thread_in_native, id=8676, stack(0x000000b3c8d00000,0x000000b3c8e00000)]
  0x000001bada709010 JavaThread "Reference Handler" daemon [_thread_blocked, id=8820, stack(0x000000b3c9400000,0x000000b3c9500000)]
  0x000001bada70bad0 JavaThread "Finalizer" daemon [_thread_blocked, id=996, stack(0x000000b3c9500000,0x000000b3c9600000)]
  0x000001bada72aea0 JavaThread "Signal Dispatcher" daemon [_thread_blocked, id=1440, stack(0x000000b3c9600000,0x000000b3c9700000)]
  0x000001bada72d870 JavaThread "Attach Listener" daemon [_thread_blocked, id=6116, stack(0x000000b3c9700000,0x000000b3c9800000)]
  0x000001bada72e320 JavaThread "Service Thread" daemon [_thread_blocked, id=2156, stack(0x000000b3c9800000,0x000000b3c9900000)]
  0x000001bada737630 JavaThread "C2 CompilerThread0" daemon [_thread_blocked, id=1800, stack(0x000000b3c9900000,0x000000b3c9a00000)]
  0x000001bada742140 JavaThread "C1 CompilerThread0" daemon [_thread_blocked, id=7952, stack(0x000000b3c9a00000,0x000000b3c9b00000)]
  0x000001bada744b40 JavaThread "Sweeper thread" daemon [_thread_blocked, id=6108, stack(0x000000b3c9b00000,0x000000b3c9c00000)]
  0x000001bada9e2c50 JavaThread "Notification Thread" daemon [_thread_blocked, id=3396, stack(0x000000b3c9c00000,0x000000b3c9d00000)]
  0x000001bada9da710 JavaThread "Common-Cleaner" daemon [_thread_blocked, id=7016, stack(0x000000b3c9e00000,0x000000b3c9f00000)]
  0x000001badae5deb0 JavaThread "Java2D Disposer" daemon [_thread_blocked, id=4700, stack(0x000000b3c9f00000,0x000000b3ca000000)]
  0x000001badae60810 JavaThread "AWT-Shutdown" [_thread_blocked, id=6308, stack(0x000000b3ca000000,0x000000b3ca100000)]
=>0x000001badae85330 JavaThread "AWT-Windows" daemon [_thread_in_native, id=7560, stack(0x000000b3ca100000,0x000000b3ca200000)]
  0x000001badaef34f0 JavaThread "Image Fetcher 0" daemon [_thread_blocked, id=6188, stack(0x000000b3ca200000,0x000000b3ca300000)]

Other Threads:
  0x000001bada69ad90 VMThread "VM Thread" [stack: 0x000000b3c9300000,0x000000b3c9400000] [id=7152]
  0x000001bada8e5d50 WatcherThread [stack: 0x000000b3c9d00000,0x000000b3c9e00000] [id=1796]
  0x000001bac2a5f480 GCTaskThread "GC Thread#0" [stack: 0x000000b3c8e00000,0x000000b3c8f00000] [id=4248]
  0x000001bac2a68650 ConcurrentGCThread "G1 Main Marker" [stack: 0x000000b3c8f00000,0x000000b3c9000000] [id=8664]
  0x000001bac2a6abb0 ConcurrentGCThread "G1 Conc#0" [stack: 0x000000b3c9000000,0x000000b3c9100000] [id=8436]
  0x000001bac2aba8c0 ConcurrentGCThread "G1 Refine#0" [stack: 0x000000b3c9100000,0x000000b3c9200000] [id=8780]
  0x000001bac2abc4d0 ConcurrentGCThread "G1 Young RemSet Sampling" [stack: 0x000000b3c9200000,0x000000b3c9300000] [id=4624]

Threads with active compile tasks:

VM state: not at safepoint (normal execution)

VM Mutex/Monitor currently owned by a thread: None

Heap address: 0x00000000c0800000, size: 1016 MB, Compressed Oops mode: 32-bit
CDS disabled.
Compressed class space mapped at: 0x0000000100000000-0x0000000140000000, size: 1073741824
Narrow klass base: 0x0000000000000000, Narrow klass shift: 3, Narrow klass range: 0x140000000

GC Precious Log:
 CPUs: 4 total, 4 available
 Memory: 4059M
 Large Page Support: Disabled
 NUMA Support: Disabled
 Compressed Oops: Enabled (32-bit)
 Heap Region Size: 1M
 Heap Min Capacity: 8M
 Heap Initial Capacity: 64M
 Heap Max Capacity: 1016M
 Pre-touch: Disabled
 Parallel Workers: 4
 Concurrent Workers: 1
 Concurrent Refinement Workers: 4
 Periodic GC: Disabled

Heap:
 garbage-first heap   total 65536K, used 4096K [0x00000000c0800000, 0x0000000100000000)
  region size 1024K, 5 young (5120K), 0 survivors (0K)
 Metaspace       used 11855K, capacity 12023K, committed 12160K, reserved 1060864K
  class space    used 1114K, capacity 1148K, committed 1152K, reserved 1048576K

Heap Regions: E=young(eden), S=young(survivor), O=old, HS=humongous(starts), HC=humongous(continues), CS=collection set, F=free, OA=open archive, CA=closed archive, TAMS=top-at-mark-start (previous, next)
|   0|0x00000000c0800000, 0x00000000c0800000, 0x00000000c0900000|  0%| F|  |TAMS 0x00000000c0800000, 0x00000000c0800000| Untracked 
|   1|0x00000000c0900000, 0x00000000c0900000, 0x00000000c0a00000|  0%| F|  |TAMS 0x00000000c0900000, 0x00000000c0900000| Untracked 
|   2|0x00000000c0a00000, 0x00000000c0a00000, 0x00000000c0b00000|  0%| F|  |TAMS 0x00000000c0a00000, 0x00000000c0a00000| Untracked 
|   3|0x00000000c0b00000, 0x00000000c0b00000, 0x00000000c0c00000|  0%| F|  |TAMS 0x00000000c0b00000, 0x00000000c0b00000| Untracked 
|   4|0x00000000c0c00000, 0x00000000c0c00000, 0x00000000c0d00000|  0%| F|  |TAMS 0x00000000c0c00000, 0x00000000c0c00000| Untracked 
|   5|0x00000000c0d00000, 0x00000000c0d00000, 0x00000000c0e00000|  0%| F|  |TAMS 0x00000000c0d00000, 0x00000000c0d00000| Untracked 
|   6|0x00000000c0e00000, 0x00000000c0e00000, 0x00000000c0f00000|  0%| F|  |TAMS 0x00000000c0e00000, 0x00000000c0e00000| Untracked 
|   7|0x00000000c0f00000, 0x00000000c0f00000, 0x00000000c1000000|  0%| F|  |TAMS 0x00000000c0f00000, 0x00000000c0f00000| Untracked 
|   8|0x00000000c1000000, 0x00000000c1000000, 0x00000000c1100000|  0%| F|  |TAMS 0x00000000c1000000, 0x00000000c1000000| Untracked 
|   9|0x00000000c1100000, 0x00000000c1100000, 0x00000000c1200000|  0%| F|  |TAMS 0x00000000c1100000, 0x00000000c1100000| Untracked 
|  10|0x00000000c1200000, 0x00000000c1200000, 0x00000000c1300000|  0%| F|  |TAMS 0x00000000c1200000, 0x00000000c1200000| Untracked 
|  11|0x00000000c1300000, 0x00000000c1300000, 0x00000000c1400000|  0%| F|  |TAMS 0x00000000c1300000, 0x00000000c1300000| Untracked 
|  12|0x00000000c1400000, 0x00000000c1400000, 0x00000000c1500000|  0%| F|  |TAMS 0x00000000c1400000, 0x00000000c1400000| Untracked 
|  13|0x00000000c1500000, 0x00000000c1500000, 0x00000000c1600000|  0%| F|  |TAMS 0x00000000c1500000, 0x00000000c1500000| Untracked 
|  14|0x00000000c1600000, 0x00000000c1600000, 0x00000000c1700000|  0%| F|  |TAMS 0x00000000c1600000, 0x00000000c1600000| Untracked 
|  15|0x00000000c1700000, 0x00000000c1700000, 0x00000000c1800000|  0%| F|  |TAMS 0x00000000c1700000, 0x00000000c1700000| Untracked 
|  16|0x00000000c1800000, 0x00000000c1800000, 0x00000000c1900000|  0%| F|  |TAMS 0x00000000c1800000, 0x00000000c1800000| Untracked 
|  17|0x00000000c1900000, 0x00000000c1900000, 0x00000000c1a00000|  0%| F|  |TAMS 0x00000000c1900000, 0x00000000c1900000| Untracked 
|  18|0x00000000c1a00000, 0x00000000c1a00000, 0x00000000c1b00000|  0%| F|  |TAMS 0x00000000c1a00000, 0x00000000c1a00000| Untracked 
|  19|0x00000000c1b00000, 0x00000000c1b00000, 0x00000000c1c00000|  0%| F|  |TAMS 0x00000000c1b00000, 0x00000000c1b00000| Untracked 
|  20|0x00000000c1c00000, 0x00000000c1c00000, 0x00000000c1d00000|  0%| F|  |TAMS 0x00000000c1c00000, 0x00000000c1c00000| Untracked 
|  21|0x00000000c1d00000, 0x00000000c1d00000, 0x00000000c1e00000|  0%| F|  |TAMS 0x00000000c1d00000, 0x00000000c1d00000| Untracked 
|  22|0x00000000c1e00000, 0x00000000c1e00000, 0x00000000c1f00000|  0%| F|  |TAMS 0x00000000c1e00000, 0x00000000c1e00000| Untracked 
|  23|0x00000000c1f00000, 0x00000000c1f00000, 0x00000000c2000000|  0%| F|  |TAMS 0x00000000c1f00000, 0x00000000c1f00000| Untracked 
|  24|0x00000000c2000000, 0x00000000c2000000, 0x00000000c2100000|  0%| F|  |TAMS 0x00000000c2000000, 0x00000000c2000000| Untracked 
|  25|0x00000000c2100000, 0x00000000c2100000, 0x00000000c2200000|  0%| F|  |TAMS 0x00000000c2100000, 0x00000000c2100000| Untracked 
|  26|0x00000000c2200000, 0x00000000c2200000, 0x00000000c2300000|  0%| F|  |TAMS 0x00000000c2200000, 0x00000000c2200000| Untracked 
|  27|0x00000000c2300000, 0x00000000c2300000, 0x00000000c2400000|  0%| F|  |TAMS 0x00000000c2300000, 0x00000000c2300000| Untracked 
|  28|0x00000000c2400000, 0x00000000c2400000, 0x00000000c2500000|  0%| F|  |TAMS 0x00000000c2400000, 0x00000000c2400000| Untracked 
|  29|0x00000000c2500000, 0x00000000c2500000, 0x00000000c2600000|  0%| F|  |TAMS 0x00000000c2500000, 0x00000000c2500000| Untracked 
|  30|0x00000000c2600000, 0x00000000c2600000, 0x00000000c2700000|  0%| F|  |TAMS 0x00000000c2600000, 0x00000000c2600000| Untracked 
|  31|0x00000000c2700000, 0x00000000c2700000, 0x00000000c2800000|  0%| F|  |TAMS 0x00000000c2700000, 0x00000000c2700000| Untracked 
|  32|0x00000000c2800000, 0x00000000c2800000, 0x00000000c2900000|  0%| F|  |TAMS 0x00000000c2800000, 0x00000000c2800000| Untracked 
|  33|0x00000000c2900000, 0x00000000c2900000, 0x00000000c2a00000|  0%| F|  |TAMS 0x00000000c2900000, 0x00000000c2900000| Untracked 
|  34|0x00000000c2a00000, 0x00000000c2a00000, 0x00000000c2b00000|  0%| F|  |TAMS 0x00000000c2a00000, 0x00000000c2a00000| Untracked 
|  35|0x00000000c2b00000, 0x00000000c2b00000, 0x00000000c2c00000|  0%| F|  |TAMS 0x00000000c2b00000, 0x00000000c2b00000| Untracked 
|  36|0x00000000c2c00000, 0x00000000c2c00000, 0x00000000c2d00000|  0%| F|  |TAMS 0x00000000c2c00000, 0x00000000c2c00000| Untracked 
|  37|0x00000000c2d00000, 0x00000000c2d00000, 0x00000000c2e00000|  0%| F|  |TAMS 0x00000000c2d00000, 0x00000000c2d00000| Untracked 
|  38|0x00000000c2e00000, 0x00000000c2e00000, 0x00000000c2f00000|  0%| F|  |TAMS 0x00000000c2e00000, 0x00000000c2e00000| Untracked 
|  39|0x00000000c2f00000, 0x00000000c2f00000, 0x00000000c3000000|  0%| F|  |TAMS 0x00000000c2f00000, 0x00000000c2f00000| Untracked 
|  40|0x00000000c3000000, 0x00000000c3000000, 0x00000000c3100000|  0%| F|  |TAMS 0x00000000c3000000, 0x00000000c3000000| Untracked 
|  41|0x00000000c3100000, 0x00000000c3100000, 0x00000000c3200000|  0%| F|  |TAMS 0x00000000c3100000, 0x00000000c3100000| Untracked 
|  42|0x00000000c3200000, 0x00000000c3200000, 0x00000000c3300000|  0%| F|  |TAMS 0x00000000c3200000, 0x00000000c3200000| Untracked 
|  43|0x00000000c3300000, 0x00000000c3300000, 0x00000000c3400000|  0%| F|  |TAMS 0x00000000c3300000, 0x00000000c3300000| Untracked 
|  44|0x00000000c3400000, 0x00000000c3400000, 0x00000000c3500000|  0%| F|  |TAMS 0x00000000c3400000, 0x00000000c3400000| Untracked 
|  45|0x00000000c3500000, 0x00000000c3500000, 0x00000000c3600000|  0%| F|  |TAMS 0x00000000c3500000, 0x00000000c3500000| Untracked 
|  46|0x00000000c3600000, 0x00000000c3600000, 0x00000000c3700000|  0%| F|  |TAMS 0x00000000c3600000, 0x00000000c3600000| Untracked 
|  47|0x00000000c3700000, 0x00000000c3700000, 0x00000000c3800000|  0%| F|  |TAMS 0x00000000c3700000, 0x00000000c3700000| Untracked 
|  48|0x00000000c3800000, 0x00000000c3800000, 0x00000000c3900000|  0%| F|  |TAMS 0x00000000c3800000, 0x00000000c3800000| Untracked 
|  49|0x00000000c3900000, 0x00000000c3900000, 0x00000000c3a00000|  0%| F|  |TAMS 0x00000000c3900000, 0x00000000c3900000| Untracked 
|  50|0x00000000c3a00000, 0x00000000c3a00000, 0x00000000c3b00000|  0%| F|  |TAMS 0x00000000c3a00000, 0x00000000c3a00000| Untracked 
|  51|0x00000000c3b00000, 0x00000000c3b00000, 0x00000000c3c00000|  0%| F|  |TAMS 0x00000000c3b00000, 0x00000000c3b00000| Untracked 
|  52|0x00000000c3c00000, 0x00000000c3c00000, 0x00000000c3d00000|  0%| F|  |TAMS 0x00000000c3c00000, 0x00000000c3c00000| Untracked 
|  53|0x00000000c3d00000, 0x00000000c3d00000, 0x00000000c3e00000|  0%| F|  |TAMS 0x00000000c3d00000, 0x00000000c3d00000| Untracked 
|  54|0x00000000c3e00000, 0x00000000c3e00000, 0x00000000c3f00000|  0%| F|  |TAMS 0x00000000c3e00000, 0x00000000c3e00000| Untracked 
|  55|0x00000000c3f00000, 0x00000000c3f00000, 0x00000000c4000000|  0%| F|  |TAMS 0x00000000c3f00000, 0x00000000c3f00000| Untracked 
|  56|0x00000000c4000000, 0x00000000c4000000, 0x00000000c4100000|  0%| F|  |TAMS 0x00000000c4000000, 0x00000000c4000000| Untracked 
|  57|0x00000000c4100000, 0x00000000c4100000, 0x00000000c4200000|  0%| F|  |TAMS 0x00000000c4100000, 0x00000000c4100000| Untracked 
|  58|0x00000000c4200000, 0x00000000c4200000, 0x00000000c4300000|  0%| F|  |TAMS 0x00000000c4200000, 0x00000000c4200000| Untracked 
|  59|0x00000000c4300000, 0x00000000c43c8350, 0x00000000c4400000| 78%| E|  |TAMS 0x00000000c4300000, 0x00000000c4300000| Complete 
|  60|0x00000000c4400000, 0x00000000c4500000, 0x00000000c4500000|100%| E|CS|TAMS 0x00000000c4400000, 0x00000000c4400000| Complete 
|  61|0x00000000c4500000, 0x00000000c4600000, 0x00000000c4600000|100%| E|CS|TAMS 0x00000000c4500000, 0x00000000c4500000| Complete 
|  62|0x00000000c4600000, 0x00000000c4700000, 0x00000000c4700000|100%| E|CS|TAMS 0x00000000c4600000, 0x00000000c4600000| Complete 
|  63|0x00000000c4700000, 0x00000000c4800000, 0x00000000c4800000|100%| E|CS|TAMS 0x00000000c4700000, 0x00000000c4700000| Complete 

Card table byte_map: [0x000001bad5650000,0x000001bad5850000] _byte_map_base: 0x000001bad504c000

Marking Bits (Prev, Next): (CMBitMap*) 0x000001bac2a5fcf0, (CMBitMap*) 0x000001bac2a5fd30
 Prev Bits: [0x000001bad5a50000, 0x000001bad6a30000)
 Next Bits: [0x000001bad6a30000, 0x000001bad7a10000)

Polling page: 0x000001bac0980000

Metaspace:

Usage:
  Non-class:     10.62 MB capacity,    10.49 MB ( 99%) used,   120.24 KB (  1%) free+waste,    13.31 KB ( <1%) overhead. 
      Class:      1.12 MB capacity,     1.09 MB ( 97%) used,    28.91 KB (  3%) free+waste,     4.81 KB ( <1%) overhead. 
       Both:     11.74 MB capacity,    11.58 MB ( 99%) used,   149.15 KB (  1%) free+waste,    18.12 KB ( <1%) overhead. 

Virtual space:
  Non-class space:       12.00 MB reserved,      10.75 MB ( 90%) committed 
      Class space:        1.00 GB reserved,       1.12 MB ( <1%) committed 
             Both:        1.01 GB reserved,      11.88 MB (  1%) committed 

Chunk freelists:
   Non-Class:  5.00 KB
       Class:  4.00 KB
        Both:  9.00 KB

MaxMetaspaceSize: 17179869184.00 GB
CompressedClassSpaceSize: 1.00 GB

CodeHeap 'non-profiled nmethods': size=120000Kb used=156Kb max_used=156Kb free=119843Kb
 bounds [0x000001bacdf20000, 0x000001bace190000, 0x000001bad5450000]
CodeHeap 'profiled nmethods': size=120000Kb used=813Kb max_used=813Kb free=119186Kb
 bounds [0x000001bac69f0000, 0x000001bac6c60000, 0x000001bacdf20000]
CodeHeap 'non-nmethods': size=5760Kb used=1219Kb max_used=1233Kb free=4540Kb
 bounds [0x000001bac6450000, 0x000001bac66c0000, 0x000001bac69f0000]
 total_blobs=1055 nmethods=561 adapters=407
 compilation: enabled
              stopped_count=0, restarted_count=0
 full_count=0

Compilation events (20 events):
Event: 0.496 Thread 0x000001bada742140 nmethod 555 0x000001bac6ab9c10 code [0x000001bac6ab9dc0, 0x000001bac6ab9f48]
Event: 0.496 Thread 0x000001bada742140  554       3       java.util.HashSet::contains (9 bytes)
Event: 0.496 Thread 0x000001bada742140 nmethod 554 0x000001bac6aba010 code [0x000001bac6aba1c0, 0x000001bac6aba388]
Event: 0.496 Thread 0x000001bada742140  551  s    1       sun.font.SunFontManager::getDefaultFontFile (5 bytes)
Event: 0.496 Thread 0x000001bada742140 nmethod 551 0x000001bacdf45e90 code [0x000001bacdf46020, 0x000001bacdf46178]
Event: 0.496 Thread 0x000001bada742140  552  s    1       sun.font.SunFontManager::getDefaultFontFaceName (5 bytes)
Event: 0.496 Thread 0x000001bada742140 nmethod 552 0x000001bacdf46210 code [0x000001bacdf463a0, 0x000001bacdf464f8]
Event: 0.496 Thread 0x000001bada737630 nmethod 553 0x000001bacdf46590 code [0x000001bacdf46700, 0x000001bacdf46818]
Event: 0.496 Thread 0x000001bada737630  556       4       java.lang.String::indexOf (29 bytes)
Event: 0.496 Thread 0x000001bada742140  557       3       java.lang.CharacterDataLatin1::toUpperCase (53 bytes)
Event: 0.496 Thread 0x000001bada742140 nmethod 557 0x000001bac6aba490 code [0x000001bac6aba640, 0x000001bac6aba8b8]
Event: 0.496 Thread 0x000001bada742140  560       3       java.lang.Character::toUpperCase (9 bytes)
Event: 0.496 Thread 0x000001bada742140 nmethod 560 0x000001bac6abaa10 code [0x000001bac6ababc0, 0x000001bac6abad98]
Event: 0.496 Thread 0x000001bada742140  558       3       java.lang.Character::toUpperCase (6 bytes)
Event: 0.496 Thread 0x000001bada742140 nmethod 558 0x000001bac6abae90 code [0x000001bac6abb040, 0x000001bac6abb278]
Event: 0.497 Thread 0x000001bada742140  559       3       java.util.TreeMap::parentOf (13 bytes)
Event: 0.497 Thread 0x000001bada742140 nmethod 559 0x000001bac6abb390 code [0x000001bac6abb520, 0x000001bac6abb678]
Event: 0.498 Thread 0x000001bada737630 nmethod 556 0x000001bacdf46890 code [0x000001bacdf46a20, 0x000001bacdf46c38]
Event: 0.498 Thread 0x000001bada737630  561       4       java.lang.CharacterDataLatin1::getProperties (11 bytes)
Event: 0.499 Thread 0x000001bada737630 nmethod 561 0x000001bacdf46d90 code [0x000001bacdf46f00, 0x000001bacdf46f98]

GC Heap History (0 events):
No events

Deoptimization events (4 events):
Event: 0.109 Thread 0x000001bac2a30ce0 Uncommon trap: trap_request=0xffffff45 fr.pc=0x000001bacdf242cc relative=0x00000000000001ac
Event: 0.109 Thread 0x000001bac2a30ce0 Uncommon trap: reason=unstable_if action=reinterpret pc=0x000001bacdf242cc method=java.lang.String.hashCode()I @ 42 c2
Event: 0.109 Thread 0x000001bac2a30ce0 DEOPT PACKING pc=0x000001bacdf242cc sp=0x000000b3c8dfd430
Event: 0.109 Thread 0x000001bac2a30ce0 DEOPT UNPACKING pc=0x000001bac649e42f sp=0x000000b3c8dfd3c8 mode 2

Classes unloaded (0 events):
No events

Classes redefined (0 events):
No events

Internal exceptions (12 events):
Event: 0.197 Thread 0x000001bac2a30ce0 Exception <a 'java/lang/NoSuchMethodError'{0x00000000c46a6c78}: 'void java.lang.invoke.DirectMethodHandle$Holder.invokeSpecial(java.lang.Object, java.lang.Object, java.lang.Object)'> (0x00000000c46a6c78) 
thrown [./open/src/hotspot/share/interpreter/linkResolver.cpp, line 782]
Event: 0.206 Thread 0x000001bac2a30ce0 Exception <a 'java/lang/ClassNotFoundException'{0x00000000c46ba4c0}: sun/awt/resources/spi/awtProvider> (0x00000000c46ba4c0) 
thrown [./open/src/hotspot/share/classfile/systemDictionary.cpp, line 295]
Event: 0.240 Thread 0x000001bac2a30ce0 Exception <a 'java/io/FileNotFoundException'{0x00000000c450e4c8}> (0x00000000c450e4c8) 
thrown [./open/src/hotspot/share/prims/jni.cpp, line 578]
Event: 0.247 Thread 0x000001bac2a30ce0 Exception <a 'java/io/FileNotFoundException'{0x00000000c453cd40}> (0x00000000c453cd40) 
thrown [./open/src/hotspot/share/prims/jni.cpp, line 578]
Event: 0.249 Thread 0x000001bac2a30ce0 Exception <a 'java/lang/NoSuchMethodError'{0x00000000c453df78}: 'java.lang.Object java.lang.invoke.DirectMethodHandle$Holder.invokeStatic(java.lang.Object)'> (0x00000000c453df78) 
thrown [./open/src/hotspot/share/interpreter/linkResolver.cpp, line 782]
Event: 0.314 Thread 0x000001bac2a30ce0 Exception <a 'java/lang/NoSuchMethodError'{0x00000000c458d660}: 'java.lang.Object java.lang.invoke.DirectMethodHandle$Holder.invokeStaticInit(java.lang.Object)'> (0x00000000c458d660) 
thrown [./open/src/hotspot/share/interpreter/linkResolver.cpp, line 782]
Event: 0.362 Thread 0x000001bac2a30ce0 Exception <a 'java/lang/NoSuchMethodError'{0x00000000c4419e58}: 'java.lang.Object java.lang.invoke.DirectMethodHandle$Holder.newInvokeSpecial(java.lang.Object, java.lang.Object, java.lang.Object, java.lang.Object, java.lang.Object)'> (0x00000000c4419e58) 
thrown [./open/src/hotspot/share/interpreter/linkResolver.cpp, line 782]
Event: 0.364 Thread 0x000001bac2a30ce0 Exception <a 'java/lang/NoSuchMethodError'{0x00000000c44258e8}: 'java.lang.Object java.lang.invoke.DirectMethodHandle$Holder.invokeStatic(java.lang.Object, int, java.lang.Object, java.lang.Object, java.lang.Object, java.lang.Object)'> (0x00000000c44258e8) 
thrown [./open/src/hotspot/share/interpreter/linkResolver.cpp, line 782]
Event: 0.369 Thread 0x000001bac2a30ce0 Exception <a 'java/lang/NoSuchMethodError'{0x00000000c444bde0}: 'java.lang.Object java.lang.invoke.DirectMethodHandle$Holder.invokeStatic(java.lang.Object, int, java.lang.Object)'> (0x00000000c444bde0) 
thrown [./open/src/hotspot/share/interpreter/linkResolver.cpp, line 782]
Event: 0.416 Thread 0x000001bac2a30ce0 Exception <a 'java/lang/ClassNotFoundException'{0x00000000c430b6e0}: com/sun/swing/internal/plaf/metal/resources/spi/metalProvider> (0x00000000c430b6e0) 
thrown [./open/src/hotspot/share/classfile/systemDictionary.cpp, line 295]
Event: 0.417 Thread 0x000001bac2a30ce0 Exception <a 'java/lang/ClassNotFoundException'{0x00000000c430f7f8}: com/sun/swing/internal/plaf/basic/resources/spi/basicProvider> (0x00000000c430f7f8) 
thrown [./open/src/hotspot/share/classfile/systemDictionary.cpp, line 295]
Event: 0.437 Thread 0x000001badaef34f0 Exception <a 'java/lang/NoSuchMethodError'{0x00000000c4351e80}: 'java.lang.Object java.lang.invoke.DirectMethodHandle$Holder.newInvokeSpecial(java.lang.Object, java.lang.Object, java.lang.Object, int, int, int, int, int)'> (0x00000000c4351e80) 
thrown [./open/src/hotspot/share/interpreter/linkResolver.cpp, line 782]

Events (20 events):
Event: 0.496 loading class sun/awt/Win32FontManager$2
Event: 0.496 loading class sun/awt/Win32FontManager$2 done
Event: 0.496 loading class java/awt/GraphicsDevice
Event: 0.497 loading class java/awt/GraphicsDevice done
Event: 0.497 loading class sun/java2d/d3d/D3DGraphicsDevice
Event: 0.497 loading class sun/awt/Win32GraphicsDevice
Event: 0.497 loading class sun/awt/Win32GraphicsDevice done
Event: 0.497 loading class sun/java2d/d3d/D3DGraphicsDevice done
Event: 0.595 loading class sun/java2d/d3d/D3DRenderQueue
Event: 0.596 loading class sun/java2d/pipe/RenderQueue
Event: 0.596 loading class sun/java2d/pipe/RenderQueue done
Event: 0.596 loading class sun/java2d/d3d/D3DRenderQueue done
Event: 0.596 loading class sun/java2d/pipe/RenderBuffer
Event: 0.596 loading class sun/java2d/pipe/RenderBuffer done
Event: 0.596 loading class sun/java2d/d3d/D3DRenderQueue$1
Event: 0.596 loading class sun/java2d/d3d/D3DRenderQueue$1 done
Event: 0.596 loading class sun/java2d/d3d/D3DGraphicsDevice$1Result
Event: 0.596 loading class sun/java2d/d3d/D3DGraphicsDevice$1Result done
Event: 0.596 loading class sun/java2d/d3d/D3DGraphicsDevice$1
Event: 0.597 loading class sun/java2d/d3d/D3DGraphicsDevice$1 done


Dynamic libraries:
0x00007ff6f2970000 - 0x00007ff6f297d000 	C:\Users\fillt\eclipse\plugins\org.eclipse.justj.openjdk.hotspot.jre.full.win32.x86_64_15.0.1.v20201027-0507\jre\bin\javaw.exe
0x00007ffc583d0000 - 0x00007ffc585c8000 	C:\Windows\SYSTEM32\ntdll.dll
0x00007ffc56e10000 - 0x00007ffc56ecf000 	C:\Windows\System32\KERNEL32.DLL
0x00007ffc55e00000 - 0x00007ffc560d2000 	C:\Windows\System32\KERNELBASE.dll
0x00007ffc55d00000 - 0x00007ffc55e00000 	C:\Windows\System32\ucrtbase.dll
0x00007ffc43980000 - 0x00007ffc43998000 	C:\Users\fillt\eclipse\plugins\org.eclipse.justj.openjdk.hotspot.jre.full.win32.x86_64_15.0.1.v20201027-0507\jre\bin\jli.dll
0x00007ffc56780000 - 0x00007ffc5691d000 	C:\Windows\System32\USER32.dll
0x00007ffc55b70000 - 0x00007ffc55b92000 	C:\Windows\System32\win32u.dll
0x00007ffc57f50000 - 0x00007ffc57f7b000 	C:\Windows\System32\GDI32.dll
0x00007ffc56110000 - 0x00007ffc5621f000 	C:\Windows\System32\gdi32full.dll
0x00007ffc4afb0000 - 0x00007ffc4b24a000 	C:\Windows\WinSxS\amd64_microsoft.windows.common-controls_6595b64144ccf1df_6.0.19041.1110_none_60b5254171f9507e\COMCTL32.dll
0x00007ffc582f0000 - 0x00007ffc5838e000 	C:\Windows\System32\msvcrt.dll
0x00007ffc55ad0000 - 0x00007ffc55b6d000 	C:\Windows\System32\msvcp_win.dll
0x00007ffc436e0000 - 0x00007ffc436f9000 	C:\Users\fillt\eclipse\plugins\org.eclipse.justj.openjdk.hotspot.jre.full.win32.x86_64_15.0.1.v20201027-0507\jre\bin\VCRUNTIME140.dll
0x00007ffc57fb0000 - 0x00007ffc57fe2000 	C:\Windows\System32\IMM32.DLL
0x00007ffc47650000 - 0x00007ffc4765c000 	C:\Users\fillt\eclipse\plugins\org.eclipse.justj.openjdk.hotspot.jre.full.win32.x86_64_15.0.1.v20201027-0507\jre\bin\vcruntime140_1.dll
0x00007ffc3c870000 - 0x00007ffc3c901000 	C:\Users\fillt\eclipse\plugins\org.eclipse.justj.openjdk.hotspot.jre.full.win32.x86_64_15.0.1.v20201027-0507\jre\bin\msvcp140.dll
0x00007ffc24bc0000 - 0x00007ffc2571e000 	C:\Users\fillt\eclipse\plugins\org.eclipse.justj.openjdk.hotspot.jre.full.win32.x86_64_15.0.1.v20201027-0507\jre\bin\server\jvm.dll
0x00007ffc57ff0000 - 0x00007ffc5809e000 	C:\Windows\System32\ADVAPI32.dll
0x00007ffc56420000 - 0x00007ffc564bc000 	C:\Windows\System32\sechost.dll
0x00007ffc565d0000 - 0x00007ffc566f5000 	C:\Windows\System32\RPCRT4.dll
0x00007ffc57f80000 - 0x00007ffc57f88000 	C:\Windows\System32\PSAPI.DLL
0x00007ffc49040000 - 0x00007ffc49049000 	C:\Windows\SYSTEM32\WSOCK32.dll
0x00007ffc4b250000 - 0x00007ffc4b277000 	C:\Windows\SYSTEM32\WINMM.dll
0x00007ffc58280000 - 0x00007ffc582eb000 	C:\Windows\System32\WS2_32.dll
0x00007ffc4cfe0000 - 0x00007ffc4cfea000 	C:\Windows\SYSTEM32\VERSION.dll
0x00007ffc54340000 - 0x00007ffc54352000 	C:\Windows\SYSTEM32\kernel.appcore.dll
0x00007ffc51330000 - 0x00007ffc5133a000 	C:\Users\fillt\eclipse\plugins\org.eclipse.justj.openjdk.hotspot.jre.full.win32.x86_64_15.0.1.v20201027-0507\jre\bin\jimage.dll
0x00007ffc54120000 - 0x00007ffc54304000 	C:\Windows\SYSTEM32\DBGHELP.DLL
0x00007ffc4b6d0000 - 0x00007ffc4b6fc000 	C:\Windows\SYSTEM32\dbgcore.DLL
0x00007ffc56290000 - 0x00007ffc56312000 	C:\Windows\System32\bcryptPrimitives.dll
0x00007ffc499b0000 - 0x00007ffc499d5000 	C:\Users\fillt\eclipse\plugins\org.eclipse.justj.openjdk.hotspot.jre.full.win32.x86_64_15.0.1.v20201027-0507\jre\bin\java.dll
0x00007ffc49990000 - 0x00007ffc499a8000 	C:\Users\fillt\eclipse\plugins\org.eclipse.justj.openjdk.hotspot.jre.full.win32.x86_64_15.0.1.v20201027-0507\jre\bin\zip.dll
0x00007ffc57410000 - 0x00007ffc57b53000 	C:\Windows\System32\SHELL32.dll
0x00007ffc53980000 - 0x00007ffc54112000 	C:\Windows\SYSTEM32\windows.storage.dll
0x00007ffc57bf0000 - 0x00007ffc57f44000 	C:\Windows\System32\combase.dll
0x00007ffc55450000 - 0x00007ffc55480000 	C:\Windows\SYSTEM32\Wldp.dll
0x00007ffc580a0000 - 0x00007ffc5814d000 	C:\Windows\System32\SHCORE.dll
0x00007ffc56720000 - 0x00007ffc56775000 	C:\Windows\System32\shlwapi.dll
0x00007ffc55a10000 - 0x00007ffc55a2f000 	C:\Windows\SYSTEM32\profapi.dll
0x00007ffc3c6f0000 - 0x00007ffc3c86f000 	C:\Users\fillt\eclipse\plugins\org.eclipse.justj.openjdk.hotspot.jre.full.win32.x86_64_15.0.1.v20201027-0507\jre\bin\awt.dll
0x00007ffc581b0000 - 0x00007ffc5827d000 	C:\Windows\System32\OLEAUT32.dll
0x00007ffc53060000 - 0x00007ffc530f1000 	C:\Windows\SYSTEM32\apphelp.dll
0x00007ffc53210000 - 0x00007ffc532ae000 	C:\Windows\system32\uxtheme.dll
0x00007ffc572f0000 - 0x00007ffc57405000 	C:\Windows\System32\MSCTF.dll
0x00007ffc571c0000 - 0x00007ffc572ea000 	C:\Windows\System32\ole32.dll
0x00007ffc533f0000 - 0x00007ffc5341f000 	C:\Windows\system32\DWMAPI.DLL
0x00007ffc3ec50000 - 0x00007ffc3ecd5000 	C:\Users\fillt\eclipse\plugins\org.eclipse.justj.openjdk.hotspot.jre.full.win32.x86_64_15.0.1.v20201027-0507\jre\bin\freetype.dll
0x00007ffc3c640000 - 0x00007ffc3c6e9000 	C:\Users\fillt\eclipse\plugins\org.eclipse.justj.openjdk.hotspot.jre.full.win32.x86_64_15.0.1.v20201027-0507\jre\bin\fontmanager.dll
0x00007ffc408c0000 - 0x00007ffc409e5000 	C:\Windows\system32\opengl32.dll
0x00007ffc42250000 - 0x00007ffc4227c000 	C:\Windows\SYSTEM32\GLU32.dll
0x00007ffc3a610000 - 0x00007ffc3a7df000 	C:\Windows\system32\d3d9.dll
0x00007ffc23b00000 - 0x00007ffc24bb6000 	C:\Windows\SYSTEM32\nvd3dumx.dll

dbghelp: loaded successfully - version: 4.0.5 - missing functions: none
symbol engine: initialized successfully - sym options: 0x614 - pdb path: .;C:\Users\fillt\eclipse\plugins\org.eclipse.justj.openjdk.hotspot.jre.full.win32.x86_64_15.0.1.v20201027-0507\jre\bin;C:\Windows\SYSTEM32;C:\Windows\WinSxS\amd64_microsoft.windows.common-controls_6595b64144ccf1df_6.0.19041.1110_none_60b5254171f9507e;C:\Users\fillt\eclipse\plugins\org.eclipse.justj.openjdk.hotspot.jre.full.win32.x86_64_15.0.1.v20201027-0507\jre\bin\server

VM Arguments:
jvm_args: -Dfile.encoding=Cp1252 -XX:+ShowCodeDetailsInExceptionMessages 
java_command: exercicio04.Main
java_class_path (initial): C:\Users\fillt\Documents\JAVA-courses\java\aula12\tp\target\classes
Launcher Type: SUN_STANDARD

[Global flags]
     intx CICompilerCount                          = 3                                         {product} {ergonomic}
     uint ConcGCThreads                            = 1                                         {product} {ergonomic}
     uint G1ConcRefinementThreads                  = 4                                         {product} {ergonomic}
   size_t G1HeapRegionSize                         = 1048576                                   {product} {ergonomic}
    uintx GCDrainStackTargetSize                   = 64                                        {product} {ergonomic}
   size_t InitialHeapSize                          = 67108864                                  {product} {ergonomic}
   size_t MarkStackSize                            = 4194304                                   {product} {ergonomic}
   size_t MaxHeapSize                              = 1065353216                                {product} {ergonomic}
   size_t MaxNewSize                               = 638582784                                 {product} {ergonomic}
   size_t MinHeapDeltaBytes                        = 1048576                                   {product} {ergonomic}
   size_t MinHeapSize                              = 8388608                                   {product} {ergonomic}
    uintx NonNMethodCodeHeapSize                   = 5832780                                {pd product} {ergonomic}
    uintx NonProfiledCodeHeapSize                  = 122912730                              {pd product} {ergonomic}
    uintx ProfiledCodeHeapSize                     = 122912730                              {pd product} {ergonomic}
    uintx ReservedCodeCacheSize                    = 251658240                              {pd product} {ergonomic}
     bool SegmentedCodeCache                       = true                                      {product} {ergonomic}
     bool ShowCodeDetailsInExceptionMessages       = true                                   {manageable} {command line}
   size_t SoftMaxHeapSize                          = 1065353216                             {manageable} {ergonomic}
     bool UseCompressedClassPointers               = true                                 {lp64_product} {ergonomic}
     bool UseCompressedOops                        = true                                 {lp64_product} {ergonomic}
     bool UseG1GC                                  = true                                      {product} {ergonomic}
     bool UseLargePagesIndividualAllocation        = false                                  {pd product} {ergonomic}

Logging:
Log output configuration:
 #0: stdout all=warning uptime,level,tags
 #1: stderr all=off uptime,level,tags

Environment Variables:
PATH=C:/Users/fillt/eclipse//plugins/org.eclipse.justj.openjdk.hotspot.jre.full.win32.x86_64_15.0.1.v20201027-0507/jre/bin/server;C:/Users/fillt/eclipse//plugins/org.eclipse.justj.openjdk.hotspot.jre.full.win32.x86_64_15.0.1.v20201027-0507/jre/bin;C:\Program Files\Common Files\Oracle\Java\javapath;C:\Program Files\AdoptOpenJDK\jdk-11.0.10.9-hotspot\bin;C:\Program Files (x86)\Common Files\Oracle\Java\javapath;C:\Program Files (x86)\NVIDIA Corporation\PhysX\Common;C:\Windows\system32;C:\Windows;C:\Windows\System32\Wbem;C:\Windows\System32\WindowsPowerShell\v1.0\;C:\Windows\System32\OpenSSH\;C:\Program Files\Git\cmd;C:\ProgramData\chocolatey\bin;C:\sqlite3;;C:\Program Files\NVIDIA Corporation\NVIDIA NvDLISR;C:\Program Files\nodejs\;C:\Users\fillt\AppData\Local\Microsoft\WindowsApps;;C:\Users\fillt\AppData\Local\Programs\Microsoft VS Code\bin;C:\Program Files\JetBrains\IntelliJ IDEA Community Edition 2021.3.2\bin;;C:\Users\fillt\AppData\Roaming\npm;C:\Users\fillt\eclipse;
USERNAME=fillt
OS=Windows_NT
PROCESSOR_IDENTIFIER=Intel64 Family 6 Model 58 Stepping 9, GenuineIntel



---------------  S Y S T E M  ---------------

OS:
 Windows 10 , 64 bit Build 19041 (10.0.19041.2251)
OS uptime: 0 days 0:17 hours

CPU: total 4 (initial active 4) (4 cores per cpu, 1 threads per core) family 6 model 58 stepping 9 microcode 0x21, cmov, cx8, fxsr, mmx, sse, sse2, sse3, ssse3, sse4.1, sse4.2, popcnt, vzeroupper, avx, aes, clmul, erms, tsc, tscinvbit, tscinv, clflush

Memory: 4k page, system-wide physical 4059M (1483M free)
TotalPageFile size 6107M (AvailPageFile size 3390M)
current process WorkingSet (physical memory assigned to process): 53M, peak: 53M
current process commit charge ("private bytes"): 145M, peak: 145M

vm_info: OpenJDK 64-Bit Server VM (15.0.1+9-18) for windows-amd64 JRE (15.0.1+9-18), built on Sep 15 2020 14:39:31 by "mach5one" with unknown MS VC++:1925

END.
